<?xml version="1.0" encoding="UTF-8" standalone="yes"?><!DOCTYPE report PUBLIC "-//JACOCO//DTD Report 1.1//EN" "report.dtd"><report name="scacchi"><sessioninfo id="DESKTOP-I7T8PQA-e759948a" start="1589900419467" dump="1589900420542"/><package name="it/uniba/main"><class name="it/uniba/main/Knight" sourcefilename="Knight.java"><method name="&lt;init&gt;" desc="(I)V" line="11"><counter type="INSTRUCTION" missed="24" covered="0"/><counter type="BRANCH" missed="4" covered="0"/><counter type="LINE" missed="8" covered="0"/><counter type="COMPLEXITY" missed="3" covered="0"/><counter type="METHOD" missed="1" covered="0"/></method><counter type="INSTRUCTION" missed="24" covered="0"/><counter type="BRANCH" missed="4" covered="0"/><counter type="LINE" missed="8" covered="0"/><counter type="COMPLEXITY" missed="3" covered="0"/><counter type="METHOD" missed="1" covered="0"/><counter type="CLASS" missed="1" covered="0"/></class><class name="it/uniba/main/IllegalMoveException" sourcefilename="IllegalMoveException.java"><method name="&lt;init&gt;" desc="(Ljava/lang/String;)V" line="15"><counter type="INSTRUCTION" missed="4" covered="0"/><counter type="LINE" missed="2" covered="0"/><counter type="COMPLEXITY" missed="1" covered="0"/><counter type="METHOD" missed="1" covered="0"/></method><counter type="INSTRUCTION" missed="4" covered="0"/><counter type="LINE" missed="2" covered="0"/><counter type="COMPLEXITY" missed="1" covered="0"/><counter type="METHOD" missed="1" covered="0"/><counter type="CLASS" missed="1" covered="0"/></class><class name="it/uniba/main/Rook" sourcefilename="Rook.java"><method name="&lt;init&gt;" desc="(I)V" line="11"><counter type="INSTRUCTION" missed="30" covered="0"/><counter type="BRANCH" missed="4" covered="0"/><counter type="LINE" missed="10" covered="0"/><counter type="COMPLEXITY" missed="3" covered="0"/><counter type="METHOD" missed="1" covered="0"/></method><method name="incrementMoves" desc="()V" line="27"><counter type="INSTRUCTION" missed="7" covered="0"/><counter type="LINE" missed="2" covered="0"/><counter type="COMPLEXITY" missed="1" covered="0"/><counter type="METHOD" missed="1" covered="0"/></method><method name="getNumberOfMoves" desc="()I" line="31"><counter type="INSTRUCTION" missed="3" covered="0"/><counter type="LINE" missed="1" covered="0"/><counter type="COMPLEXITY" missed="1" covered="0"/><counter type="METHOD" missed="1" covered="0"/></method><counter type="INSTRUCTION" missed="40" covered="0"/><counter type="BRANCH" missed="4" covered="0"/><counter type="LINE" missed="13" covered="0"/><counter type="COMPLEXITY" missed="5" covered="0"/><counter type="METHOD" missed="3" covered="0"/><counter type="CLASS" missed="1" covered="0"/></class><class name="it/uniba/main/Cell" sourcefilename="Cell.java"><method name="&lt;init&gt;" desc="(Lit/uniba/main/Piece;)V" line="15"><counter type="INSTRUCTION" missed="6" covered="0"/><counter type="LINE" missed="3" covered="0"/><counter type="COMPLEXITY" missed="1" covered="0"/><counter type="METHOD" missed="1" covered="0"/></method><method name="getPiece" desc="()Lit/uniba/main/Piece;" line="20"><counter type="INSTRUCTION" missed="3" covered="0"/><counter type="LINE" missed="1" covered="0"/><counter type="COMPLEXITY" missed="1" covered="0"/><counter type="METHOD" missed="1" covered="0"/></method><method name="setEmpty" desc="()V" line="24"><counter type="INSTRUCTION" missed="4" covered="0"/><counter type="LINE" missed="2" covered="0"/><counter type="COMPLEXITY" missed="1" covered="0"/><counter type="METHOD" missed="1" covered="0"/></method><method name="setPiece" desc="(Lit/uniba/main/Piece;)V" line="28"><counter type="INSTRUCTION" missed="4" covered="0"/><counter type="LINE" missed="2" covered="0"/><counter type="COMPLEXITY" missed="1" covered="0"/><counter type="METHOD" missed="1" covered="0"/></method><method name="toString" desc="()Ljava/lang/String;" line="32"><counter type="INSTRUCTION" missed="18" covered="0"/><counter type="BRANCH" missed="2" covered="0"/><counter type="LINE" missed="2" covered="0"/><counter type="COMPLEXITY" missed="2" covered="0"/><counter type="METHOD" missed="1" covered="0"/></method><counter type="INSTRUCTION" missed="35" covered="0"/><counter type="BRANCH" missed="2" covered="0"/><counter type="LINE" missed="10" covered="0"/><counter type="COMPLEXITY" missed="6" covered="0"/><counter type="METHOD" missed="5" covered="0"/><counter type="CLASS" missed="1" covered="0"/></class><class name="it/uniba/main/Piece" sourcefilename="Piece.java"><method name="&lt;init&gt;" desc="()V" line="11"><counter type="INSTRUCTION" missed="3" covered="0"/><counter type="LINE" missed="1" covered="0"/><counter type="COMPLEXITY" missed="1" covered="0"/><counter type="METHOD" missed="1" covered="0"/></method><method name="getType" desc="()Ljava/lang/String;" line="17"><counter type="INSTRUCTION" missed="3" covered="0"/><counter type="LINE" missed="1" covered="0"/><counter type="COMPLEXITY" missed="1" covered="0"/><counter type="METHOD" missed="1" covered="0"/></method><method name="getColor" desc="()I" line="21"><counter type="INSTRUCTION" missed="3" covered="0"/><counter type="LINE" missed="1" covered="0"/><counter type="COMPLEXITY" missed="1" covered="0"/><counter type="METHOD" missed="1" covered="0"/></method><method name="toString" desc="()Ljava/lang/String;" line="26"><counter type="INSTRUCTION" missed="3" covered="0"/><counter type="LINE" missed="1" covered="0"/><counter type="COMPLEXITY" missed="1" covered="0"/><counter type="METHOD" missed="1" covered="0"/></method><method name="getMoves" desc="()I" line="30"><counter type="INSTRUCTION" missed="3" covered="0"/><counter type="LINE" missed="1" covered="0"/><counter type="COMPLEXITY" missed="1" covered="0"/><counter type="METHOD" missed="1" covered="0"/></method><counter type="INSTRUCTION" missed="15" covered="0"/><counter type="LINE" missed="5" covered="0"/><counter type="COMPLEXITY" missed="5" covered="0"/><counter type="METHOD" missed="5" covered="0"/><counter type="CLASS" missed="1" covered="0"/></class><class name="it/uniba/main/Bishop" sourcefilename="Bishop.java"><method name="&lt;init&gt;" desc="(I)V" line="11"><counter type="INSTRUCTION" missed="24" covered="0"/><counter type="BRANCH" missed="4" covered="0"/><counter type="LINE" missed="8" covered="0"/><counter type="COMPLEXITY" missed="3" covered="0"/><counter type="METHOD" missed="1" covered="0"/></method><counter type="INSTRUCTION" missed="24" covered="0"/><counter type="BRANCH" missed="4" covered="0"/><counter type="LINE" missed="8" covered="0"/><counter type="COMPLEXITY" missed="3" covered="0"/><counter type="METHOD" missed="1" covered="0"/><counter type="CLASS" missed="1" covered="0"/></class><class name="it/uniba/main/AppMain" sourcefilename="AppMain.java"><method name="main" desc="([Ljava/lang/String;)V" line="24"><counter type="INSTRUCTION" missed="243" covered="0"/><counter type="BRANCH" missed="43" covered="0"/><counter type="LINE" missed="88" covered="0"/><counter type="COMPLEXITY" missed="25" covered="0"/><counter type="METHOD" missed="1" covered="0"/></method><counter type="INSTRUCTION" missed="243" covered="0"/><counter type="BRANCH" missed="43" covered="0"/><counter type="LINE" missed="88" covered="0"/><counter type="COMPLEXITY" missed="25" covered="0"/><counter type="METHOD" missed="1" covered="0"/><counter type="CLASS" missed="1" covered="0"/></class><class name="it/uniba/main/Menu" sourcefilename="Menu.java"><method name="&lt;init&gt;" desc="()V" line="15"><counter type="INSTRUCTION" missed="8" covered="0"/><counter type="LINE" missed="2" covered="0"/><counter type="COMPLEXITY" missed="1" covered="0"/><counter type="METHOD" missed="1" covered="0"/></method><method name="help" desc="()Ljava/lang/String;" line="19"><counter type="INSTRUCTION" missed="2" covered="0"/><counter type="LINE" missed="1" covered="0"/><counter type="COMPLEXITY" missed="1" covered="0"/><counter type="METHOD" missed="1" covered="0"/></method><method name="board" desc="()[[Ljava/lang/String;" line="29"><counter type="INSTRUCTION" missed="40" covered="0"/><counter type="BRANCH" missed="6" covered="0"/><counter type="LINE" missed="7" covered="0"/><counter type="COMPLEXITY" missed="4" covered="0"/><counter type="METHOD" missed="1" covered="0"/></method><method name="moves" desc="()Ljava/util/ArrayList;" line="44"><counter type="INSTRUCTION" missed="4" covered="0"/><counter type="LINE" missed="1" covered="0"/><counter type="COMPLEXITY" missed="1" covered="0"/><counter type="METHOD" missed="1" covered="0"/></method><method name="play" desc="()V" line="49"><counter type="INSTRUCTION" missed="4" covered="0"/><counter type="LINE" missed="2" covered="0"/><counter type="COMPLEXITY" missed="1" covered="0"/><counter type="METHOD" missed="1" covered="0"/></method><method name="getMove" desc="(Ljava/lang/String;)[Ljava/lang/String;" line="53"><counter type="INSTRUCTION" missed="204" covered="0"/><counter type="BRANCH" missed="48" covered="0"/><counter type="LINE" missed="46" covered="0"/><counter type="COMPLEXITY" missed="28" covered="0"/><counter type="METHOD" missed="1" covered="0"/></method><method name="Blackcaptured" desc="()Ljava/util/ArrayList;" line="164"><counter type="INSTRUCTION" missed="4" covered="0"/><counter type="LINE" missed="1" covered="0"/><counter type="COMPLEXITY" missed="1" covered="0"/><counter type="METHOD" missed="1" covered="0"/></method><method name="Whitecaptures" desc="()Ljava/util/ArrayList;" line="167"><counter type="INSTRUCTION" missed="4" covered="0"/><counter type="LINE" missed="1" covered="0"/><counter type="COMPLEXITY" missed="1" covered="0"/><counter type="METHOD" missed="1" covered="0"/></method><counter type="INSTRUCTION" missed="270" covered="0"/><counter type="BRANCH" missed="54" covered="0"/><counter type="LINE" missed="61" covered="0"/><counter type="COMPLEXITY" missed="38" covered="0"/><counter type="METHOD" missed="8" covered="0"/><counter type="CLASS" missed="1" covered="0"/></class><class name="it/uniba/main/PrintMessage" sourcefilename="PrintMessage.java"><method name="&lt;init&gt;" desc="()V" line="5"><counter type="INSTRUCTION" missed="3" covered="0"/><counter type="LINE" missed="1" covered="0"/><counter type="COMPLEXITY" missed="1" covered="0"/><counter type="METHOD" missed="1" covered="0"/></method><method name="printBoard" desc="([[Ljava/lang/String;)V" line="8"><counter type="INSTRUCTION" missed="62" covered="0"/><counter type="BRANCH" missed="4" covered="0"/><counter type="LINE" missed="9" covered="0"/><counter type="COMPLEXITY" missed="3" covered="0"/><counter type="METHOD" missed="1" covered="0"/></method><method name="printMoves" desc="(Ljava/util/ArrayList;)V" line="21"><counter type="INSTRUCTION" missed="72" covered="0"/><counter type="BRANCH" missed="8" covered="0"/><counter type="LINE" missed="12" covered="0"/><counter type="COMPLEXITY" missed="5" covered="0"/><counter type="METHOD" missed="1" covered="0"/></method><method name="printCaptures" desc="(Ljava/util/ArrayList;Ljava/util/ArrayList;)V" line="42"><counter type="INSTRUCTION" missed="35" covered="0"/><counter type="BRANCH" missed="4" covered="0"/><counter type="LINE" missed="7" covered="0"/><counter type="COMPLEXITY" missed="3" covered="0"/><counter type="METHOD" missed="1" covered="0"/></method><method name="printAMove" desc="([Ljava/lang/String;)V" line="55"><counter type="INSTRUCTION" missed="17" covered="0"/><counter type="LINE" missed="2" covered="0"/><counter type="COMPLEXITY" missed="1" covered="0"/><counter type="METHOD" missed="1" covered="0"/></method><method name="printShortCastling" desc="()V" line="59"><counter type="INSTRUCTION" missed="4" covered="0"/><counter type="LINE" missed="2" covered="0"/><counter type="COMPLEXITY" missed="1" covered="0"/><counter type="METHOD" missed="1" covered="0"/></method><method name="printLongCastling" desc="()V" line="63"><counter type="INSTRUCTION" missed="4" covered="0"/><counter type="LINE" missed="2" covered="0"/><counter type="COMPLEXITY" missed="1" covered="0"/><counter type="METHOD" missed="1" covered="0"/></method><method name="printACapture" desc="([Ljava/lang/String;)V" line="67"><counter type="INSTRUCTION" missed="23" covered="0"/><counter type="LINE" missed="2" covered="0"/><counter type="COMPLEXITY" missed="1" covered="0"/><counter type="METHOD" missed="1" covered="0"/></method><counter type="INSTRUCTION" missed="220" covered="0"/><counter type="BRANCH" missed="16" covered="0"/><counter type="LINE" missed="37" covered="0"/><counter type="COMPLEXITY" missed="16" covered="0"/><counter type="METHOD" missed="8" covered="0"/><counter type="CLASS" missed="1" covered="0"/></class><class name="it/uniba/main/King" sourcefilename="King.java"><method name="&lt;init&gt;" desc="(I)V" line="14"><counter type="INSTRUCTION" missed="30" covered="0"/><counter type="BRANCH" missed="4" covered="0"/><counter type="LINE" missed="10" covered="0"/><counter type="COMPLEXITY" missed="3" covered="0"/><counter type="METHOD" missed="1" covered="0"/></method><method name="incrementMoves" desc="()V" line="29"><counter type="INSTRUCTION" missed="7" covered="0"/><counter type="LINE" missed="2" covered="0"/><counter type="COMPLEXITY" missed="1" covered="0"/><counter type="METHOD" missed="1" covered="0"/></method><method name="getNumberOfMoves" desc="()I" line="33"><counter type="INSTRUCTION" missed="3" covered="0"/><counter type="LINE" missed="1" covered="0"/><counter type="COMPLEXITY" missed="1" covered="0"/><counter type="METHOD" missed="1" covered="0"/></method><method name="isThreatened" desc="()Z" line="38"><counter type="INSTRUCTION" missed="23" covered="0"/><counter type="BRANCH" missed="2" covered="0"/><counter type="LINE" missed="6" covered="0"/><counter type="COMPLEXITY" missed="2" covered="0"/><counter type="METHOD" missed="1" covered="0"/></method><method name="isThreatened" desc="(II)Z" line="51"><counter type="INSTRUCTION" missed="725" covered="0"/><counter type="BRANCH" missed="224" covered="0"/><counter type="LINE" missed="154" covered="0"/><counter type="COMPLEXITY" missed="113" covered="0"/><counter type="METHOD" missed="1" covered="0"/></method><method name="move" desc="(Ljava/lang/String;)[Ljava/lang/String;" line="249"><counter type="INSTRUCTION" missed="230" covered="0"/><counter type="BRANCH" missed="34" covered="0"/><counter type="LINE" missed="46" covered="0"/><counter type="COMPLEXITY" missed="18" covered="0"/><counter type="METHOD" missed="1" covered="0"/></method><method name="&lt;clinit&gt;" desc="()V" line="12"><counter type="INSTRUCTION" missed="23" covered="0"/><counter type="LINE" missed="2" covered="0"/><counter type="COMPLEXITY" missed="1" covered="0"/><counter type="METHOD" missed="1" covered="0"/></method><counter type="INSTRUCTION" missed="1041" covered="0"/><counter type="BRANCH" missed="264" covered="0"/><counter type="LINE" missed="221" covered="0"/><counter type="COMPLEXITY" missed="139" covered="0"/><counter type="METHOD" missed="7" covered="0"/><counter type="CLASS" missed="1" covered="0"/></class><class name="it/uniba/main/Game" sourcefilename="Game.java"><method name="&lt;init&gt;" desc="()V" line="17"><counter type="INSTRUCTION" missed="3" covered="0"/><counter type="LINE" missed="1" covered="0"/><counter type="COMPLEXITY" missed="1" covered="0"/><counter type="METHOD" missed="1" covered="0"/></method><method name="newGame" desc="()V" line="25"><counter type="INSTRUCTION" missed="255" covered="0"/><counter type="BRANCH" missed="6" covered="0"/><counter type="LINE" missed="27" covered="0"/><counter type="COMPLEXITY" missed="4" covered="0"/><counter type="METHOD" missed="1" covered="0"/></method><method name="moveAPawn" desc="(Ljava/lang/String;)[Ljava/lang/String;" line="66"><counter type="INSTRUCTION" missed="87" covered="0"/><counter type="BRANCH" missed="18" covered="0"/><counter type="LINE" missed="17" covered="0"/><counter type="COMPLEXITY" missed="10" covered="0"/><counter type="METHOD" missed="1" covered="0"/></method><method name="moveKing" desc="(Ljava/lang/String;)[Ljava/lang/String;" line="105"><counter type="INSTRUCTION" missed="3" covered="0"/><counter type="LINE" missed="1" covered="0"/><counter type="COMPLEXITY" missed="1" covered="0"/><counter type="METHOD" missed="1" covered="0"/></method><method name="moveQueen" desc="(Ljava/lang/String;)[Ljava/lang/String;" line="114"><counter type="INSTRUCTION" missed="884" covered="0"/><counter type="BRANCH" missed="122" covered="0"/><counter type="LINE" missed="166" covered="0"/><counter type="COMPLEXITY" missed="62" covered="0"/><counter type="METHOD" missed="1" covered="0"/></method><method name="captureQueen" desc="(Ljava/lang/String;)[Ljava/lang/String;" line="337"><counter type="INSTRUCTION" missed="1196" covered="0"/><counter type="BRANCH" missed="170" covered="0"/><counter type="LINE" missed="214" covered="0"/><counter type="COMPLEXITY" missed="86" covered="0"/><counter type="METHOD" missed="1" covered="0"/></method><method name="moveBishop" desc="(Ljava/lang/String;)[Ljava/lang/String;" line="622"><counter type="INSTRUCTION" missed="866" covered="0"/><counter type="BRANCH" missed="102" covered="0"/><counter type="LINE" missed="178" covered="0"/><counter type="COMPLEXITY" missed="52" covered="0"/><counter type="METHOD" missed="1" covered="0"/></method><method name="captureBishop" desc="(Ljava/lang/String;)[Ljava/lang/String;" line="863"><counter type="INSTRUCTION" missed="1078" covered="0"/><counter type="BRANCH" missed="118" covered="0"/><counter type="LINE" missed="210" covered="0"/><counter type="COMPLEXITY" missed="60" covered="0"/><counter type="METHOD" missed="1" covered="0"/></method><method name="isMovableKnight" desc="(IIII)Z" line="1121"><counter type="INSTRUCTION" missed="48" covered="0"/><counter type="BRANCH" missed="14" covered="0"/><counter type="LINE" missed="5" covered="0"/><counter type="COMPLEXITY" missed="8" covered="0"/><counter type="METHOD" missed="1" covered="0"/></method><method name="moveKnight" desc="(Ljava/lang/String;)[Ljava/lang/String;" line="1130"><counter type="INSTRUCTION" missed="536" covered="0"/><counter type="BRANCH" missed="82" covered="0"/><counter type="LINE" missed="94" covered="0"/><counter type="COMPLEXITY" missed="42" covered="0"/><counter type="METHOD" missed="1" covered="0"/></method><method name="actualMoveKnight" desc="(IIIILjava/lang/String;)V" line="1267"><counter type="INSTRUCTION" missed="125" covered="0"/><counter type="BRANCH" missed="14" covered="0"/><counter type="LINE" missed="19" covered="0"/><counter type="COMPLEXITY" missed="8" covered="0"/><counter type="METHOD" missed="1" covered="0"/></method><method name="captureKnight" desc="(IIIILjava/lang/String;)V" line="1295"><counter type="INSTRUCTION" missed="70" covered="0"/><counter type="BRANCH" missed="6" covered="0"/><counter type="LINE" missed="10" covered="0"/><counter type="COMPLEXITY" missed="4" covered="0"/><counter type="METHOD" missed="1" covered="0"/></method><method name="isMovableRook" desc="(IIII)Z" line="1312"><counter type="INSTRUCTION" missed="76" covered="0"/><counter type="BRANCH" missed="20" covered="0"/><counter type="LINE" missed="10" covered="0"/><counter type="COMPLEXITY" missed="11" covered="0"/><counter type="METHOD" missed="1" covered="0"/></method><method name="moveRook" desc="(Ljava/lang/String;)[Ljava/lang/String;" line="1331"><counter type="INSTRUCTION" missed="582" covered="0"/><counter type="BRANCH" missed="82" covered="0"/><counter type="LINE" missed="104" covered="0"/><counter type="COMPLEXITY" missed="42" covered="0"/><counter type="METHOD" missed="1" covered="0"/></method><method name="actualMoveRook" desc="(IIIILjava/lang/String;)V" line="1481"><counter type="INSTRUCTION" missed="133" covered="0"/><counter type="BRANCH" missed="14" covered="0"/><counter type="LINE" missed="20" covered="0"/><counter type="COMPLEXITY" missed="8" covered="0"/><counter type="METHOD" missed="1" covered="0"/></method><method name="captureRook" desc="(IIIILjava/lang/String;)V" line="1510"><counter type="INSTRUCTION" missed="78" covered="0"/><counter type="BRANCH" missed="6" covered="0"/><counter type="LINE" missed="11" covered="0"/><counter type="COMPLEXITY" missed="4" covered="0"/><counter type="METHOD" missed="1" covered="0"/></method><method name="shortCastling" desc="()[Ljava/lang/String;" line="1526"><counter type="INSTRUCTION" missed="258" covered="0"/><counter type="BRANCH" missed="38" covered="0"/><counter type="LINE" missed="49" covered="0"/><counter type="COMPLEXITY" missed="20" covered="0"/><counter type="METHOD" missed="1" covered="0"/></method><method name="longCastling" desc="()[Ljava/lang/String;" line="1615"><counter type="INSTRUCTION" missed="258" covered="0"/><counter type="BRANCH" missed="38" covered="0"/><counter type="LINE" missed="48" covered="0"/><counter type="COMPLEXITY" missed="20" covered="0"/><counter type="METHOD" missed="1" covered="0"/></method><method name="getBlackTurn" desc="()Z" line="1703"><counter type="INSTRUCTION" missed="2" covered="0"/><counter type="LINE" missed="1" covered="0"/><counter type="COMPLEXITY" missed="1" covered="0"/><counter type="METHOD" missed="1" covered="0"/></method><method name="changeTurn" desc="()V" line="1707"><counter type="INSTRUCTION" missed="7" covered="0"/><counter type="BRANCH" missed="2" covered="0"/><counter type="LINE" missed="2" covered="0"/><counter type="COMPLEXITY" missed="2" covered="0"/><counter type="METHOD" missed="1" covered="0"/></method><method name="getCell" desc="(II)Lit/uniba/main/Cell;" line="1711"><counter type="INSTRUCTION" missed="6" covered="0"/><counter type="LINE" missed="1" covered="0"/><counter type="COMPLEXITY" missed="1" covered="0"/><counter type="METHOD" missed="1" covered="0"/></method><method name="addMove" desc="(Ljava/lang/String;)V" line="1715"><counter type="INSTRUCTION" missed="5" covered="0"/><counter type="LINE" missed="2" covered="0"/><counter type="COMPLEXITY" missed="1" covered="0"/><counter type="METHOD" missed="1" covered="0"/></method><method name="getMoves" desc="()Ljava/util/ArrayList;" line="1719"><counter type="INSTRUCTION" missed="2" covered="0"/><counter type="LINE" missed="1" covered="0"/><counter type="COMPLEXITY" missed="1" covered="0"/><counter type="METHOD" missed="1" covered="0"/></method><method name="getBlacks" desc="()Ljava/util/ArrayList;" line="1723"><counter type="INSTRUCTION" missed="2" covered="0"/><counter type="LINE" missed="1" covered="0"/><counter type="COMPLEXITY" missed="1" covered="0"/><counter type="METHOD" missed="1" covered="0"/></method><method name="getWhites" desc="()Ljava/util/ArrayList;" line="1727"><counter type="INSTRUCTION" missed="2" covered="0"/><counter type="LINE" missed="1" covered="0"/><counter type="COMPLEXITY" missed="1" covered="0"/><counter type="METHOD" missed="1" covered="0"/></method><method name="addWhiteCaptured" desc="(Ljava/lang/String;)V" line="1731"><counter type="INSTRUCTION" missed="6" covered="0"/><counter type="LINE" missed="2" covered="0"/><counter type="COMPLEXITY" missed="1" covered="0"/><counter type="METHOD" missed="1" covered="0"/></method><method name="addBlackCaptured" desc="(Ljava/lang/String;)V" line="1735"><counter type="INSTRUCTION" missed="6" covered="0"/><counter type="LINE" missed="2" covered="0"/><counter type="COMPLEXITY" missed="1" covered="0"/><counter type="METHOD" missed="1" covered="0"/></method><method name="&lt;clinit&gt;" desc="()V" line="18"><counter type="INSTRUCTION" missed="19" covered="0"/><counter type="LINE" missed="5" covered="0"/><counter type="COMPLEXITY" missed="1" covered="0"/><counter type="METHOD" missed="1" covered="0"/></method><counter type="INSTRUCTION" missed="6593" covered="0"/><counter type="BRANCH" missed="852" covered="0"/><counter type="LINE" missed="1202" covered="0"/><counter type="COMPLEXITY" missed="454" covered="0"/><counter type="METHOD" missed="28" covered="0"/><counter type="CLASS" missed="1" covered="0"/></class><class name="it/uniba/main/Pawn" sourcefilename="Pawn.java"><method name="&lt;init&gt;" desc="(I)V" line="12"><counter type="INSTRUCTION" missed="27" covered="0"/><counter type="BRANCH" missed="4" covered="0"/><counter type="LINE" missed="9" covered="0"/><counter type="COMPLEXITY" missed="3" covered="0"/><counter type="METHOD" missed="1" covered="0"/></method><method name="incrementMoves" desc="()V" line="26"><counter type="INSTRUCTION" missed="7" covered="0"/><counter type="LINE" missed="2" covered="0"/><counter type="COMPLEXITY" missed="1" covered="0"/><counter type="METHOD" missed="1" covered="0"/></method><method name="enPassantCatturable" desc="(I)Ljava/lang/Boolean;" line="32"><counter type="INSTRUCTION" missed="30" covered="0"/><counter type="BRANCH" missed="12" covered="0"/><counter type="LINE" missed="5" covered="0"/><counter type="COMPLEXITY" missed="7" covered="0"/><counter type="METHOD" missed="1" covered="0"/></method><method name="move" desc="(Ljava/lang/String;)[Ljava/lang/String;" line="43"><counter type="INSTRUCTION" missed="211" covered="0"/><counter type="BRANCH" missed="48" covered="0"/><counter type="LINE" missed="36" covered="0"/><counter type="COMPLEXITY" missed="25" covered="0"/><counter type="METHOD" missed="1" covered="0"/></method><method name="capture" desc="(Ljava/lang/String;)[Ljava/lang/String;" line="108"><counter type="INSTRUCTION" missed="195" covered="0"/><counter type="BRANCH" missed="22" covered="0"/><counter type="LINE" missed="42" covered="0"/><counter type="COMPLEXITY" missed="12" covered="0"/><counter type="METHOD" missed="1" covered="0"/></method><method name="captureEnPassant" desc="(Ljava/lang/String;)[Ljava/lang/String;" line="183"><counter type="INSTRUCTION" missed="199" covered="0"/><counter type="BRANCH" missed="22" covered="0"/><counter type="LINE" missed="39" covered="0"/><counter type="COMPLEXITY" missed="12" covered="0"/><counter type="METHOD" missed="1" covered="0"/></method><counter type="INSTRUCTION" missed="669" covered="0"/><counter type="BRANCH" missed="108" covered="0"/><counter type="LINE" missed="133" covered="0"/><counter type="COMPLEXITY" missed="60" covered="0"/><counter type="METHOD" missed="6" covered="0"/><counter type="CLASS" missed="1" covered="0"/></class><class name="it/uniba/main/Queen" sourcefilename="Queen.java"><method name="&lt;init&gt;" desc="(I)V" line="11"><counter type="INSTRUCTION" missed="24" covered="0"/><counter type="BRANCH" missed="4" covered="0"/><counter type="LINE" missed="8" covered="0"/><counter type="COMPLEXITY" missed="3" covered="0"/><counter type="METHOD" missed="1" covered="0"/></method><counter type="INSTRUCTION" missed="24" covered="0"/><counter type="BRANCH" missed="4" covered="0"/><counter type="LINE" missed="8" covered="0"/><counter type="COMPLEXITY" missed="3" covered="0"/><counter type="METHOD" missed="1" covered="0"/><counter type="CLASS" missed="1" covered="0"/></class><sourcefile name="Pawn.java"><line nr="12" mi="2" ci="0" mb="0" cb="0"/><line nr="13" mi="3" ci="0" mb="0" cb="0"/><line nr="15" mi="3" ci="0" mb="0" cb="0"/><line nr="16" mi="2" ci="0" mb="2" cb="0"/><line nr="17" mi="4" ci="0" mb="0" cb="0"/><line nr="19" mi="3" ci="0" mb="2" cb="0"/><line nr="20" mi="4" ci="0" mb="0" cb="0"/><line nr="22" mi="5" ci="0" mb="0" cb="0"/><line nr="23" mi="1" ci="0" mb="0" cb="0"/><line nr="26" mi="6" ci="0" mb="0" cb="0"/><line nr="27" mi="1" ci="0" mb="0" cb="0"/><line nr="32" mi="11" ci="0" mb="6" cb="0"/><line nr="33" mi="3" ci="0" mb="0" cb="0"/><line nr="34" mi="10" ci="0" mb="6" cb="0"/><line nr="35" mi="3" ci="0" mb="0" cb="0"/><line nr="36" mi="3" ci="0" mb="0" cb="0"/><line nr="43" mi="2" ci="0" mb="0" cb="0"/><line nr="45" mi="6" ci="0" mb="0" cb="0"/><line nr="46" mi="8" ci="0" mb="0" cb="0"/><line nr="49" mi="3" ci="0" mb="0" cb="0"/><line nr="50" mi="5" ci="0" mb="2" cb="0"/><line nr="51" mi="5" ci="0" mb="0" cb="0"/><line nr="53" mi="9" ci="0" mb="4" cb="0"/><line nr="55" mi="8" ci="0" mb="2" cb="0"/><line nr="56" mi="6" ci="0" mb="4" cb="0"/><line nr="59" mi="5" ci="0" mb="0" cb="0"/><line nr="60" mi="10" ci="0" mb="4" cb="0"/><line nr="62" mi="8" ci="0" mb="2" cb="0"/><line nr="63" mi="10" ci="0" mb="4" cb="0"/><line nr="66" mi="4" ci="0" mb="2" cb="0"/><line nr="68" mi="5" ci="0" mb="0" cb="0"/><line nr="69" mi="9" ci="0" mb="4" cb="0"/><line nr="71" mi="8" ci="0" mb="2" cb="0"/><line nr="72" mi="8" ci="0" mb="4" cb="0"/><line nr="75" mi="5" ci="0" mb="0" cb="0"/><line nr="76" mi="9" ci="0" mb="4" cb="0"/><line nr="78" mi="8" ci="0" mb="2" cb="0"/><line nr="79" mi="12" ci="0" mb="4" cb="0"/><line nr="82" mi="4" ci="0" mb="2" cb="0"/><line nr="84" mi="5" ci="0" mb="0" cb="0"/><line nr="86" mi="5" ci="0" mb="0" cb="0"/><line nr="89" mi="6" ci="0" mb="0" cb="0"/><line nr="90" mi="4" ci="0" mb="0" cb="0"/><line nr="91" mi="5" ci="0" mb="0" cb="0"/><line nr="92" mi="2" ci="0" mb="2" cb="0"/><line nr="93" mi="5" ci="0" mb="0" cb="0"/><line nr="94" mi="4" ci="0" mb="0" cb="0"/><line nr="95" mi="5" ci="0" mb="0" cb="0"/><line nr="97" mi="2" ci="0" mb="0" cb="0"/><line nr="98" mi="5" ci="0" mb="0" cb="0"/><line nr="99" mi="4" ci="0" mb="0" cb="0"/><line nr="100" mi="2" ci="0" mb="0" cb="0"/><line nr="108" mi="2" ci="0" mb="0" cb="0"/><line nr="111" mi="3" ci="0" mb="0" cb="0"/><line nr="113" mi="6" ci="0" mb="0" cb="0"/><line nr="114" mi="4" ci="0" mb="0" cb="0"/><line nr="116" mi="3" ci="0" mb="0" cb="0"/><line nr="117" mi="1" ci="0" mb="0" cb="0"/><line nr="119" mi="6" ci="0" mb="0" cb="0"/><line nr="121" mi="5" ci="0" mb="2" cb="0"/><line nr="124" mi="3" ci="0" mb="0" cb="0"/><line nr="125" mi="2" ci="0" mb="0" cb="0"/><line nr="126" mi="1" ci="0" mb="0" cb="0"/><line nr="127" mi="6" ci="0" mb="0" cb="0"/><line nr="130" mi="10" ci="0" mb="4" cb="0"/><line nr="131" mi="5" ci="0" mb="0" cb="0"/><line nr="134" mi="2" ci="0" mb="2" cb="0"/><line nr="135" mi="4" ci="0" mb="0" cb="0"/><line nr="136" mi="5" ci="0" mb="2" cb="0"/><line nr="137" mi="5" ci="0" mb="0" cb="0"/><line nr="139" mi="5" ci="0" mb="0" cb="0"/><line nr="142" mi="4" ci="0" mb="0" cb="0"/><line nr="143" mi="5" ci="0" mb="2" cb="0"/><line nr="144" mi="5" ci="0" mb="0" cb="0"/><line nr="146" mi="4" ci="0" mb="0" cb="0"/><line nr="149" mi="9" ci="0" mb="2" cb="0"/><line nr="150" mi="11" ci="0" mb="2" cb="0"/><line nr="152" mi="6" ci="0" mb="0" cb="0"/><line nr="153" mi="8" ci="0" mb="2" cb="0"/><line nr="154" mi="5" ci="0" mb="0" cb="0"/><line nr="155" mi="5" ci="0" mb="0" cb="0"/><line nr="156" mi="4" ci="0" mb="0" cb="0"/><line nr="157" mi="2" ci="0" mb="2" cb="0"/><line nr="158" mi="5" ci="0" mb="0" cb="0"/><line nr="159" mi="5" ci="0" mb="0" cb="0"/><line nr="160" mi="5" ci="0" mb="0" cb="0"/><line nr="162" mi="3" ci="0" mb="2" cb="0"/><line nr="163" mi="4" ci="0" mb="0" cb="0"/><line nr="165" mi="3" ci="0" mb="0" cb="0"/><line nr="167" mi="5" ci="0" mb="0" cb="0"/><line nr="168" mi="5" ci="0" mb="0" cb="0"/><line nr="169" mi="7" ci="0" mb="0" cb="0"/><line nr="170" mi="2" ci="0" mb="0" cb="0"/><line nr="173" mi="5" ci="0" mb="0" cb="0"/><line nr="183" mi="2" ci="0" mb="0" cb="0"/><line nr="185" mi="3" ci="0" mb="0" cb="0"/><line nr="187" mi="6" ci="0" mb="0" cb="0"/><line nr="188" mi="8" ci="0" mb="0" cb="0"/><line nr="189" mi="6" ci="0" mb="0" cb="0"/><line nr="190" mi="10" ci="0" mb="4" cb="0"/><line nr="191" mi="5" ci="0" mb="0" cb="0"/><line nr="193" mi="3" ci="0" mb="2" cb="0"/><line nr="194" mi="4" ci="0" mb="0" cb="0"/><line nr="195" mi="5" ci="0" mb="2" cb="0"/><line nr="196" mi="5" ci="0" mb="0" cb="0"/><line nr="198" mi="5" ci="0" mb="0" cb="0"/><line nr="201" mi="4" ci="0" mb="0" cb="0"/><line nr="202" mi="5" ci="0" mb="2" cb="0"/><line nr="203" mi="5" ci="0" mb="0" cb="0"/><line nr="205" mi="4" ci="0" mb="0" cb="0"/><line nr="208" mi="6" ci="0" mb="2" cb="0"/><line nr="209" mi="5" ci="0" mb="0" cb="0"/><line nr="210" mi="6" ci="0" mb="2" cb="0"/><line nr="211" mi="6" ci="0" mb="0" cb="0"/><line nr="212" mi="6" ci="0" mb="0" cb="0"/><line nr="213" mi="10" ci="0" mb="4" cb="0"/><line nr="214" mi="5" ci="0" mb="0" cb="0"/><line nr="215" mi="4" ci="0" mb="0" cb="0"/><line nr="216" mi="4" ci="0" mb="0" cb="0"/><line nr="217" mi="2" ci="0" mb="2" cb="0"/><line nr="218" mi="4" ci="0" mb="0" cb="0"/><line nr="219" mi="5" ci="0" mb="0" cb="0"/><line nr="220" mi="5" ci="0" mb="0" cb="0"/><line nr="221" mi="5" ci="0" mb="0" cb="0"/><line nr="223" mi="3" ci="0" mb="2" cb="0"/><line nr="224" mi="4" ci="0" mb="0" cb="0"/><line nr="226" mi="3" ci="0" mb="0" cb="0"/><line nr="228" mi="5" ci="0" mb="0" cb="0"/><line nr="229" mi="5" ci="0" mb="0" cb="0"/><line nr="230" mi="14" ci="0" mb="0" cb="0"/><line nr="231" mi="2" ci="0" mb="0" cb="0"/><line nr="234" mi="5" ci="0" mb="0" cb="0"/><line nr="237" mi="5" ci="0" mb="0" cb="0"/><counter type="INSTRUCTION" missed="669" covered="0"/><counter type="BRANCH" missed="108" covered="0"/><counter type="LINE" missed="133" covered="0"/><counter type="COMPLEXITY" missed="60" covered="0"/><counter type="METHOD" missed="6" covered="0"/><counter type="CLASS" missed="1" covered="0"/></sourcefile><sourcefile name="Bishop.java"><line nr="11" mi="2" ci="0" mb="0" cb="0"/><line nr="13" mi="3" ci="0" mb="0" cb="0"/><line nr="14" mi="2" ci="0" mb="2" cb="0"/><line nr="15" mi="4" ci="0" mb="0" cb="0"/><line nr="17" mi="3" ci="0" mb="2" cb="0"/><line nr="18" mi="4" ci="0" mb="0" cb="0"/><line nr="20" mi="5" ci="0" mb="0" cb="0"/><line nr="21" mi="1" ci="0" mb="0" cb="0"/><counter type="INSTRUCTION" missed="24" covered="0"/><counter type="BRANCH" missed="4" covered="0"/><counter type="LINE" missed="8" covered="0"/><counter type="COMPLEXITY" missed="3" covered="0"/><counter type="METHOD" missed="1" covered="0"/><counter type="CLASS" missed="1" covered="0"/></sourcefile><sourcefile name="Rook.java"><line nr="11" mi="2" ci="0" mb="0" cb="0"/><line nr="13" mi="3" ci="0" mb="0" cb="0"/><line nr="14" mi="2" ci="0" mb="2" cb="0"/><line nr="15" mi="3" ci="0" mb="0" cb="0"/><line nr="16" mi="4" ci="0" mb="0" cb="0"/><line nr="18" mi="3" ci="0" mb="2" cb="0"/><line nr="20" mi="3" ci="0" mb="0" cb="0"/><line nr="21" mi="4" ci="0" mb="0" cb="0"/><line nr="23" mi="5" ci="0" mb="0" cb="0"/><line nr="24" mi="1" ci="0" mb="0" cb="0"/><line nr="27" mi="6" ci="0" mb="0" cb="0"/><line nr="28" mi="1" ci="0" mb="0" cb="0"/><line nr="31" mi="3" ci="0" mb="0" cb="0"/><counter type="INSTRUCTION" missed="40" covered="0"/><counter type="BRANCH" missed="4" covered="0"/><counter type="LINE" missed="13" covered="0"/><counter type="COMPLEXITY" missed="5" covered="0"/><counter type="METHOD" missed="3" covered="0"/><counter type="CLASS" missed="1" covered="0"/></sourcefile><sourcefile name="King.java"><line nr="12" mi="11" ci="0" mb="0" cb="0"/><line nr="13" mi="12" ci="0" mb="0" cb="0"/><line nr="14" mi="2" ci="0" mb="0" cb="0"/><line nr="16" mi="3" ci="0" mb="0" cb="0"/><line nr="17" mi="2" ci="0" mb="2" cb="0"/><line nr="18" mi="3" ci="0" mb="0" cb="0"/><line nr="19" mi="4" ci="0" mb="0" cb="0"/><line nr="21" mi="3" ci="0" mb="2" cb="0"/><line nr="22" mi="3" ci="0" mb="0" cb="0"/><line nr="23" mi="4" ci="0" mb="0" cb="0"/><line nr="25" mi="5" ci="0" mb="0" cb="0"/><line nr="26" mi="1" ci="0" mb="0" cb="0"/><line nr="29" mi="6" ci="0" mb="0" cb="0"/><line nr="30" mi="1" ci="0" mb="0" cb="0"/><line nr="33" mi="3" ci="0" mb="0" cb="0"/><line nr="38" mi="2" ci="0" mb="2" cb="0"/><line nr="39" mi="4" ci="0" mb="0" cb="0"/><line nr="40" mi="5" ci="0" mb="0" cb="0"/><line nr="42" mi="4" ci="0" mb="0" cb="0"/><line nr="43" mi="4" ci="0" mb="0" cb="0"/><line nr="45" mi="4" ci="0" mb="0" cb="0"/><line nr="51" mi="2" ci="0" mb="0" cb="0"/><line nr="52" mi="2" ci="0" mb="2" cb="0"/><line nr="53" mi="3" ci="0" mb="2" cb="0"/><line nr="54" mi="9" ci="0" mb="0" cb="0"/><line nr="55" mi="6" ci="0" mb="4" cb="0"/><line nr="57" mi="3" ci="0" mb="2" cb="0"/><line nr="58" mi="2" ci="0" mb="0" cb="0"/><line nr="60" mi="9" ci="0" mb="0" cb="0"/><line nr="61" mi="7" ci="0" mb="4" cb="0"/><line nr="63" mi="3" ci="0" mb="2" cb="0"/><line nr="64" mi="2" ci="0" mb="0" cb="0"/><line nr="68" mi="2" ci="0" mb="2" cb="0"/><line nr="69" mi="2" ci="0" mb="2" cb="0"/><line nr="70" mi="9" ci="0" mb="0" cb="0"/><line nr="71" mi="6" ci="0" mb="4" cb="0"/><line nr="73" mi="2" ci="0" mb="2" cb="0"/><line nr="74" mi="2" ci="0" mb="0" cb="0"/><line nr="76" mi="9" ci="0" mb="0" cb="0"/><line nr="77" mi="7" ci="0" mb="4" cb="0"/><line nr="79" mi="2" ci="0" mb="2" cb="0"/><line nr="80" mi="2" ci="0" mb="0" cb="0"/><line nr="85" mi="2" ci="0" mb="0" cb="0"/><line nr="86" mi="2" ci="0" mb="0" cb="0"/><line nr="87" mi="9" ci="0" mb="4" cb="0"/><line nr="88" mi="9" ci="0" mb="0" cb="0"/><line nr="89" mi="2" ci="0" mb="2" cb="0"/><line nr="90" mi="1" ci="0" mb="0" cb="0"/><line nr="91" mi="1" ci="0" mb="0" cb="0"/><line nr="92" mi="1" ci="0" mb="0" cb="0"/><line nr="94" mi="11" ci="0" mb="6" cb="0"/><line nr="95" mi="1" ci="0" mb="0" cb="0"/><line nr="96" mi="6" ci="0" mb="4" cb="0"/><line nr="97" mi="2" ci="0" mb="0" cb="0"/><line nr="98" mi="1" ci="0" mb="0" cb="0"/><line nr="99" mi="2" ci="0" mb="0" cb="0"/><line nr="102" mi="2" ci="0" mb="0" cb="0"/><line nr="103" mi="2" ci="0" mb="0" cb="0"/><line nr="104" mi="10" ci="0" mb="4" cb="0"/><line nr="105" mi="9" ci="0" mb="0" cb="0"/><line nr="106" mi="2" ci="0" mb="2" cb="0"/><line nr="107" mi="1" ci="0" mb="0" cb="0"/><line nr="108" mi="1" ci="0" mb="0" cb="0"/><line nr="109" mi="1" ci="0" mb="0" cb="0"/><line nr="111" mi="11" ci="0" mb="6" cb="0"/><line nr="112" mi="1" ci="0" mb="0" cb="0"/><line nr="113" mi="6" ci="0" mb="4" cb="0"/><line nr="114" mi="2" ci="0" mb="0" cb="0"/><line nr="115" mi="1" ci="0" mb="0" cb="0"/><line nr="116" mi="2" ci="0" mb="0" cb="0"/><line nr="119" mi="2" ci="0" mb="0" cb="0"/><line nr="120" mi="2" ci="0" mb="0" cb="0"/><line nr="121" mi="9" ci="0" mb="4" cb="0"/><line nr="122" mi="9" ci="0" mb="0" cb="0"/><line nr="123" mi="2" ci="0" mb="2" cb="0"/><line nr="124" mi="1" ci="0" mb="0" cb="0"/><line nr="125" mi="1" ci="0" mb="0" cb="0"/><line nr="126" mi="1" ci="0" mb="0" cb="0"/><line nr="128" mi="11" ci="0" mb="6" cb="0"/><line nr="129" mi="1" ci="0" mb="0" cb="0"/><line nr="130" mi="6" ci="0" mb="4" cb="0"/><line nr="131" mi="2" ci="0" mb="0" cb="0"/><line nr="132" mi="1" ci="0" mb="0" cb="0"/><line nr="133" mi="2" ci="0" mb="0" cb="0"/><line nr="136" mi="2" ci="0" mb="0" cb="0"/><line nr="137" mi="2" ci="0" mb="0" cb="0"/><line nr="138" mi="8" ci="0" mb="4" cb="0"/><line nr="139" mi="9" ci="0" mb="0" cb="0"/><line nr="140" mi="2" ci="0" mb="2" cb="0"/><line nr="141" mi="1" ci="0" mb="0" cb="0"/><line nr="142" mi="1" ci="0" mb="0" cb="0"/><line nr="143" mi="1" ci="0" mb="0" cb="0"/><line nr="145" mi="11" ci="0" mb="6" cb="0"/><line nr="146" mi="1" ci="0" mb="0" cb="0"/><line nr="147" mi="6" ci="0" mb="4" cb="0"/><line nr="148" mi="2" ci="0" mb="0" cb="0"/><line nr="149" mi="1" ci="0" mb="0" cb="0"/><line nr="150" mi="2" ci="0" mb="0" cb="0"/><line nr="154" mi="2" ci="0" mb="0" cb="0"/><line nr="155" mi="5" ci="0" mb="2" cb="0"/><line nr="156" mi="7" ci="0" mb="0" cb="0"/><line nr="157" mi="2" ci="0" mb="2" cb="0"/><line nr="158" mi="1" ci="0" mb="0" cb="0"/><line nr="159" mi="1" ci="0" mb="0" cb="0"/><line nr="160" mi="1" ci="0" mb="0" cb="0"/><line nr="162" mi="11" ci="0" mb="6" cb="0"/><line nr="163" mi="1" ci="0" mb="0" cb="0"/><line nr="164" mi="6" ci="0" mb="4" cb="0"/><line nr="165" mi="2" ci="0" mb="0" cb="0"/><line nr="166" mi="2" ci="0" mb="0" cb="0"/><line nr="169" mi="2" ci="0" mb="0" cb="0"/><line nr="170" mi="5" ci="0" mb="2" cb="0"/><line nr="171" mi="7" ci="0" mb="0" cb="0"/><line nr="172" mi="2" ci="0" mb="2" cb="0"/><line nr="173" mi="1" ci="0" mb="0" cb="0"/><line nr="174" mi="1" ci="0" mb="0" cb="0"/><line nr="175" mi="1" ci="0" mb="0" cb="0"/><line nr="177" mi="11" ci="0" mb="6" cb="0"/><line nr="178" mi="1" ci="0" mb="0" cb="0"/><line nr="179" mi="6" ci="0" mb="4" cb="0"/><line nr="180" mi="2" ci="0" mb="0" cb="0"/><line nr="181" mi="2" ci="0" mb="0" cb="0"/><line nr="184" mi="2" ci="0" mb="0" cb="0"/><line nr="185" mi="4" ci="0" mb="2" cb="0"/><line nr="186" mi="7" ci="0" mb="0" cb="0"/><line nr="187" mi="2" ci="0" mb="2" cb="0"/><line nr="188" mi="1" ci="0" mb="0" cb="0"/><line nr="189" mi="1" ci="0" mb="0" cb="0"/><line nr="190" mi="1" ci="0" mb="0" cb="0"/><line nr="192" mi="11" ci="0" mb="6" cb="0"/><line nr="193" mi="1" ci="0" mb="0" cb="0"/><line nr="194" mi="6" ci="0" mb="4" cb="0"/><line nr="195" mi="2" ci="0" mb="0" cb="0"/><line nr="196" mi="2" ci="0" mb="0" cb="0"/><line nr="199" mi="2" ci="0" mb="0" cb="0"/><line nr="200" mi="4" ci="0" mb="2" cb="0"/><line nr="201" mi="7" ci="0" mb="0" cb="0"/><line nr="202" mi="2" ci="0" mb="2" cb="0"/><line nr="203" mi="1" ci="0" mb="0" cb="0"/><line nr="204" mi="1" ci="0" mb="0" cb="0"/><line nr="205" mi="1" ci="0" mb="0" cb="0"/><line nr="207" mi="11" ci="0" mb="6" cb="0"/><line nr="208" mi="1" ci="0" mb="0" cb="0"/><line nr="209" mi="6" ci="0" mb="4" cb="0"/><line nr="210" mi="2" ci="0" mb="0" cb="0"/><line nr="211" mi="2" ci="0" mb="0" cb="0"/><line nr="214" mi="5" ci="0" mb="2" cb="0"/><line nr="215" mi="10" ci="0" mb="2" cb="0"/><line nr="216" mi="10" ci="0" mb="2" cb="0"/><line nr="217" mi="11" ci="0" mb="4" cb="0"/><line nr="218" mi="11" ci="0" mb="2" cb="0"/><line nr="219" mi="10" ci="0" mb="2" cb="0"/><line nr="220" mi="11" ci="0" mb="4" cb="0"/><line nr="222" mi="5" ci="0" mb="2" cb="0"/><line nr="223" mi="10" ci="0" mb="2" cb="0"/><line nr="224" mi="10" ci="0" mb="2" cb="0"/><line nr="225" mi="11" ci="0" mb="4" cb="0"/><line nr="226" mi="11" ci="0" mb="2" cb="0"/><line nr="227" mi="10" ci="0" mb="2" cb="0"/><line nr="228" mi="11" ci="0" mb="4" cb="0"/><line nr="230" mi="4" ci="0" mb="2" cb="0"/><line nr="231" mi="10" ci="0" mb="2" cb="0"/><line nr="232" mi="10" ci="0" mb="2" cb="0"/><line nr="233" mi="11" ci="0" mb="4" cb="0"/><line nr="234" mi="11" ci="0" mb="2" cb="0"/><line nr="235" mi="10" ci="0" mb="2" cb="0"/><line nr="236" mi="11" ci="0" mb="4" cb="0"/><line nr="238" mi="4" ci="0" mb="2" cb="0"/><line nr="239" mi="10" ci="0" mb="2" cb="0"/><line nr="240" mi="10" ci="0" mb="2" cb="0"/><line nr="241" mi="11" ci="0" mb="4" cb="0"/><line nr="242" mi="11" ci="0" mb="2" cb="0"/><line nr="243" mi="10" ci="0" mb="2" cb="0"/><line nr="244" mi="11" ci="0" mb="4" cb="0"/><line nr="246" mi="2" ci="0" mb="0" cb="0"/><line nr="249" mi="2" ci="0" mb="0" cb="0"/><line nr="250" mi="2" ci="0" mb="0" cb="0"/><line nr="251" mi="2" ci="0" mb="0" cb="0"/><line nr="253" mi="3" ci="0" mb="0" cb="0"/><line nr="255" mi="4" ci="0" mb="2" cb="0"/><line nr="256" mi="2" ci="0" mb="0" cb="0"/><line nr="257" mi="2" ci="0" mb="0" cb="0"/><line nr="260" mi="6" ci="0" mb="0" cb="0"/><line nr="261" mi="6" ci="0" mb="0" cb="0"/><line nr="262" mi="10" ci="0" mb="0" cb="0"/><line nr="264" mi="7" ci="0" mb="2" cb="0"/><line nr="265" mi="9" ci="0" mb="4" cb="0"/><line nr="266" mi="5" ci="0" mb="0" cb="0"/><line nr="268" mi="2" ci="0" mb="0" cb="0"/><line nr="269" mi="2" ci="0" mb="0" cb="0"/><line nr="271" mi="7" ci="0" mb="2" cb="0"/><line nr="272" mi="7" ci="0" mb="2" cb="0"/><line nr="273" mi="8" ci="0" mb="2" cb="0"/><line nr="274" mi="9" ci="0" mb="4" cb="0"/><line nr="275" mi="2" ci="0" mb="0" cb="0"/><line nr="276" mi="2" ci="0" mb="0" cb="0"/><line nr="277" mi="1" ci="0" mb="0" cb="0"/><line nr="281" mi="12" ci="0" mb="4" cb="0"/><line nr="282" mi="5" ci="0" mb="0" cb="0"/><line nr="284" mi="4" ci="0" mb="2" cb="0"/><line nr="285" mi="5" ci="0" mb="0" cb="0"/><line nr="289" mi="8" ci="0" mb="0" cb="0"/><line nr="290" mi="5" ci="0" mb="2" cb="0"/><line nr="291" mi="5" ci="0" mb="2" cb="0"/><line nr="292" mi="5" ci="0" mb="0" cb="0"/><line nr="295" mi="9" ci="0" mb="0" cb="0"/><line nr="297" mi="5" ci="0" mb="2" cb="0"/><line nr="298" mi="5" ci="0" mb="0" cb="0"/><line nr="301" mi="2" ci="0" mb="2" cb="0"/><line nr="302" mi="7" ci="0" mb="0" cb="0"/><line nr="304" mi="6" ci="0" mb="0" cb="0"/><line nr="306" mi="8" ci="0" mb="0" cb="0"/><line nr="308" mi="8" ci="0" mb="0" cb="0"/><line nr="309" mi="6" ci="0" mb="0" cb="0"/><line nr="310" mi="4" ci="0" mb="0" cb="0"/><line nr="312" mi="2" ci="0" mb="2" cb="0"/><line nr="313" mi="4" ci="0" mb="0" cb="0"/><line nr="314" mi="5" ci="0" mb="0" cb="0"/><line nr="316" mi="4" ci="0" mb="0" cb="0"/><line nr="317" mi="4" ci="0" mb="0" cb="0"/><line nr="319" mi="2" ci="0" mb="0" cb="0"/><counter type="INSTRUCTION" missed="1041" covered="0"/><counter type="BRANCH" missed="264" covered="0"/><counter type="LINE" missed="221" covered="0"/><counter type="COMPLEXITY" missed="139" covered="0"/><counter type="METHOD" missed="7" covered="0"/><counter type="CLASS" missed="1" covered="0"/></sourcefile><sourcefile name="Knight.java"><line nr="11" mi="2" ci="0" mb="0" cb="0"/><line nr="13" mi="3" ci="0" mb="0" cb="0"/><line nr="14" mi="2" ci="0" mb="2" cb="0"/><line nr="15" mi="4" ci="0" mb="0" cb="0"/><line nr="17" mi="3" ci="0" mb="2" cb="0"/><line nr="18" mi="4" ci="0" mb="0" cb="0"/><line nr="20" mi="5" ci="0" mb="0" cb="0"/><line nr="21" mi="1" ci="0" mb="0" cb="0"/><counter type="INSTRUCTION" missed="24" covered="0"/><counter type="BRANCH" missed="4" covered="0"/><counter type="LINE" missed="8" covered="0"/><counter type="COMPLEXITY" missed="3" covered="0"/><counter type="METHOD" missed="1" covered="0"/><counter type="CLASS" missed="1" covered="0"/></sourcefile><sourcefile name="Queen.java"><line nr="11" mi="2" ci="0" mb="0" cb="0"/><line nr="13" mi="3" ci="0" mb="0" cb="0"/><line nr="14" mi="2" ci="0" mb="2" cb="0"/><line nr="15" mi="4" ci="0" mb="0" cb="0"/><line nr="17" mi="3" ci="0" mb="2" cb="0"/><line nr="18" mi="4" ci="0" mb="0" cb="0"/><line nr="20" mi="5" ci="0" mb="0" cb="0"/><line nr="21" mi="1" ci="0" mb="0" cb="0"/><counter type="INSTRUCTION" missed="24" covered="0"/><counter type="BRANCH" missed="4" covered="0"/><counter type="LINE" missed="8" covered="0"/><counter type="COMPLEXITY" missed="3" covered="0"/><counter type="METHOD" missed="1" covered="0"/><counter type="CLASS" missed="1" covered="0"/></sourcefile><sourcefile name="Cell.java"><line nr="15" mi="2" ci="0" mb="0" cb="0"/><line nr="16" mi="3" ci="0" mb="0" cb="0"/><line nr="17" mi="1" ci="0" mb="0" cb="0"/><line nr="20" mi="3" ci="0" mb="0" cb="0"/><line nr="24" mi="3" ci="0" mb="0" cb="0"/><line nr="25" mi="1" ci="0" mb="0" cb="0"/><line nr="28" mi="3" ci="0" mb="0" cb="0"/><line nr="29" mi="1" ci="0" mb="0" cb="0"/><line nr="32" mi="5" ci="0" mb="2" cb="0"/><line nr="33" mi="13" ci="0" mb="0" cb="0"/><counter type="INSTRUCTION" missed="35" covered="0"/><counter type="BRANCH" missed="2" covered="0"/><counter type="LINE" missed="10" covered="0"/><counter type="COMPLEXITY" missed="6" covered="0"/><counter type="METHOD" missed="5" covered="0"/><counter type="CLASS" missed="1" covered="0"/></sourcefile><sourcefile name="Piece.java"><line nr="11" mi="3" ci="0" mb="0" cb="0"/><line nr="17" mi="3" ci="0" mb="0" cb="0"/><line nr="21" mi="3" ci="0" mb="0" cb="0"/><line nr="26" mi="3" ci="0" mb="0" cb="0"/><line nr="30" mi="3" ci="0" mb="0" cb="0"/><counter type="INSTRUCTION" missed="15" covered="0"/><counter type="LINE" missed="5" covered="0"/><counter type="COMPLEXITY" missed="5" covered="0"/><counter type="METHOD" missed="5" covered="0"/><counter type="CLASS" missed="1" covered="0"/></sourcefile><sourcefile name="AppMain.java"><line nr="24" mi="4" ci="0" mb="0" cb="0"/><line nr="25" mi="2" ci="0" mb="0" cb="0"/><line nr="26" mi="2" ci="0" mb="0" cb="0"/><line nr="27" mi="2" ci="0" mb="0" cb="0"/><line nr="28" mi="5" ci="0" mb="0" cb="0"/><line nr="29" mi="3" ci="0" mb="0" cb="0"/><line nr="30" mi="3" ci="0" mb="0" cb="0"/><line nr="33" mi="2" ci="0" mb="2" cb="0"/><line nr="35" mi="3" ci="0" mb="2" cb="0"/><line nr="36" mi="3" ci="0" mb="0" cb="0"/><line nr="38" mi="2" ci="0" mb="0" cb="0"/><line nr="40" mi="2" ci="0" mb="2" cb="0"/><line nr="41" mi="13" ci="0" mb="0" cb="0"/><line nr="43" mi="3" ci="0" mb="0" cb="0"/><line nr="45" mi="3" ci="0" mb="0" cb="0"/><line nr="46" mi="8" ci="0" mb="7" cb="0"/><line nr="48" mi="2" ci="0" mb="2" cb="0"/><line nr="49" mi="3" ci="0" mb="0" cb="0"/><line nr="50" mi="1" ci="0" mb="0" cb="0"/><line nr="52" mi="3" ci="0" mb="0" cb="0"/><line nr="53" mi="1" ci="0" mb="0" cb="0"/><line nr="56" mi="2" ci="0" mb="2" cb="0"/><line nr="57" mi="5" ci="0" mb="0" cb="0"/><line nr="58" mi="1" ci="0" mb="0" cb="0"/><line nr="60" mi="3" ci="0" mb="0" cb="0"/><line nr="61" mi="1" ci="0" mb="0" cb="0"/><line nr="64" mi="4" ci="0" mb="0" cb="0"/><line nr="65" mi="1" ci="0" mb="0" cb="0"/><line nr="67" mi="2" ci="0" mb="2" cb="0"/><line nr="68" mi="3" ci="0" mb="0" cb="0"/><line nr="69" mi="1" ci="0" mb="0" cb="0"/><line nr="71" mi="3" ci="0" mb="0" cb="0"/><line nr="72" mi="1" ci="0" mb="0" cb="0"/><line nr="75" mi="2" ci="0" mb="2" cb="0"/><line nr="76" mi="3" ci="0" mb="0" cb="0"/><line nr="77" mi="2" ci="0" mb="0" cb="0"/><line nr="78" mi="2" ci="0" mb="0" cb="0"/><line nr="79" mi="4" ci="0" mb="0" cb="0"/><line nr="81" mi="3" ci="0" mb="0" cb="0"/><line nr="83" mi="3" ci="0" mb="0" cb="0"/><line nr="84" mi="10" ci="0" mb="4" cb="0"/><line nr="85" mi="3" ci="0" mb="0" cb="0"/><line nr="86" mi="2" ci="0" mb="0" cb="0"/><line nr="87" mi="1" ci="0" mb="0" cb="0"/><line nr="88" mi="5" ci="0" mb="2" cb="0"/><line nr="89" mi="1" ci="0" mb="0" cb="0"/><line nr="90" mi="3" ci="0" mb="0" cb="0"/><line nr="91" mi="1" ci="0" mb="0" cb="0"/><line nr="96" mi="3" ci="0" mb="0" cb="0"/><line nr="97" mi="3" ci="0" mb="0" cb="0"/><line nr="98" mi="3" ci="0" mb="0" cb="0"/><line nr="100" mi="12" ci="0" mb="6" cb="0"/><line nr="101" mi="2" ci="0" mb="0" cb="0"/><line nr="102" mi="2" ci="0" mb="0" cb="0"/><line nr="103" mi="1" ci="0" mb="0" cb="0"/><line nr="104" mi="4" ci="0" mb="2" cb="0"/><line nr="105" mi="2" ci="0" mb="0" cb="0"/><line nr="106" mi="1" ci="0" mb="0" cb="0"/><line nr="108" mi="3" ci="0" mb="0" cb="0"/><line nr="112" mi="2" ci="0" mb="2" cb="0"/><line nr="114" mi="4" ci="0" mb="0" cb="0"/><line nr="115" mi="2" ci="0" mb="0" cb="0"/><line nr="116" mi="1" ci="0" mb="0" cb="0"/><line nr="117" mi="5" ci="0" mb="2" cb="0"/><line nr="118" mi="1" ci="0" mb="0" cb="0"/><line nr="119" mi="1" ci="0" mb="0" cb="0"/><line nr="121" mi="5" ci="0" mb="2" cb="0"/><line nr="122" mi="1" ci="0" mb="0" cb="0"/><line nr="123" mi="1" ci="0" mb="0" cb="0"/><line nr="126" mi="4" ci="0" mb="2" cb="0"/><line nr="127" mi="3" ci="0" mb="0" cb="0"/><line nr="129" mi="2" ci="0" mb="0" cb="0"/><line nr="130" mi="2" ci="0" mb="0" cb="0"/><line nr="134" mi="1" ci="0" mb="0" cb="0"/><line nr="135" mi="3" ci="0" mb="0" cb="0"/><line nr="136" mi="1" ci="0" mb="0" cb="0"/><line nr="137" mi="3" ci="0" mb="0" cb="0"/><line nr="138" mi="1" ci="0" mb="0" cb="0"/><line nr="139" mi="3" ci="0" mb="0" cb="0"/><line nr="141" mi="1" ci="0" mb="0" cb="0"/><line nr="142" mi="4" ci="0" mb="0" cb="0"/><line nr="143" mi="4" ci="0" mb="0" cb="0"/><line nr="145" mi="1" ci="0" mb="0" cb="0"/><line nr="147" mi="3" ci="0" mb="0" cb="0"/><line nr="151" mi="1" ci="0" mb="0" cb="0"/><line nr="152" mi="2" ci="0" mb="0" cb="0"/><line nr="153" mi="2" ci="0" mb="0" cb="0"/><line nr="154" mi="1" ci="0" mb="0" cb="0"/><counter type="INSTRUCTION" missed="243" covered="0"/><counter type="BRANCH" missed="43" covered="0"/><counter type="LINE" missed="88" covered="0"/><counter type="COMPLEXITY" missed="25" covered="0"/><counter type="METHOD" missed="1" covered="0"/><counter type="CLASS" missed="1" covered="0"/></sourcefile><sourcefile name="IllegalMoveException.java"><line nr="15" mi="3" ci="0" mb="0" cb="0"/><line nr="16" mi="1" ci="0" mb="0" cb="0"/><counter type="INSTRUCTION" missed="4" covered="0"/><counter type="LINE" missed="2" covered="0"/><counter type="COMPLEXITY" missed="1" covered="0"/><counter type="METHOD" missed="1" covered="0"/><counter type="CLASS" missed="1" covered="0"/></sourcefile><sourcefile name="Menu.java"><line nr="15" mi="2" ci="0" mb="0" cb="0"/><line nr="16" mi="6" ci="0" mb="0" cb="0"/><line nr="19" mi="2" ci="0" mb="0" cb="0"/><line nr="29" mi="4" ci="0" mb="0" cb="0"/><line nr="30" mi="7" ci="0" mb="2" cb="0"/><line nr="31" mi="7" ci="0" mb="2" cb="0"/><line nr="32" mi="4" ci="0" mb="2" cb="0"/><line nr="33" mi="7" ci="0" mb="0" cb="0"/><line nr="35" mi="9" ci="0" mb="0" cb="0"/><line nr="40" mi="2" ci="0" mb="0" cb="0"/><line nr="44" mi="4" ci="0" mb="0" cb="0"/><line nr="49" mi="3" ci="0" mb="0" cb="0"/><line nr="50" mi="1" ci="0" mb="0" cb="0"/><line nr="53" mi="4" ci="0" mb="0" cb="0"/><line nr="54" mi="3" ci="0" mb="0" cb="0"/><line nr="55" mi="2" ci="0" mb="8" cb="0"/><line nr="57" mi="5" ci="0" mb="0" cb="0"/><line nr="58" mi="4" ci="0" mb="2" cb="0"/><line nr="59" mi="4" ci="0" mb="2" cb="0"/><line nr="61" mi="2" ci="0" mb="0" cb="0"/><line nr="62" mi="4" ci="0" mb="2" cb="0"/><line nr="64" mi="2" ci="0" mb="0" cb="0"/><line nr="67" mi="4" ci="0" mb="2" cb="0"/><line nr="70" mi="2" ci="0" mb="0" cb="0"/><line nr="71" mi="4" ci="0" mb="2" cb="0"/><line nr="74" mi="2" ci="0" mb="0" cb="0"/><line nr="77" mi="5" ci="0" mb="0" cb="0"/><line nr="81" mi="4" ci="0" mb="2" cb="0"/><line nr="82" mi="4" ci="0" mb="2" cb="0"/><line nr="84" mi="5" ci="0" mb="0" cb="0"/><line nr="85" mi="4" ci="0" mb="2" cb="0"/><line nr="87" mi="5" ci="0" mb="0" cb="0"/><line nr="90" mi="4" ci="0" mb="2" cb="0"/><line nr="93" mi="5" ci="0" mb="0" cb="0"/><line nr="94" mi="4" ci="0" mb="2" cb="0"/><line nr="97" mi="5" ci="0" mb="0" cb="0"/><line nr="100" mi="5" ci="0" mb="0" cb="0"/><line nr="103" mi="4" ci="0" mb="2" cb="0"/><line nr="106" mi="5" ci="0" mb="0" cb="0"/><line nr="107" mi="11" ci="0" mb="4" cb="0"/><line nr="109" mi="5" ci="0" mb="0" cb="0"/><line nr="112" mi="5" ci="0" mb="0" cb="0"/><line nr="114" mi="4" ci="0" mb="2" cb="0"/><line nr="116" mi="5" ci="0" mb="0" cb="0"/><line nr="118" mi="11" ci="0" mb="4" cb="0"/><line nr="120" mi="5" ci="0" mb="0" cb="0"/><line nr="122" mi="5" ci="0" mb="0" cb="0"/><line nr="126" mi="5" ci="0" mb="0" cb="0"/><line nr="129" mi="4" ci="0" mb="2" cb="0"/><line nr="130" mi="4" ci="0" mb="0" cb="0"/><line nr="132" mi="4" ci="0" mb="2" cb="0"/><line nr="134" mi="4" ci="0" mb="0" cb="0"/><line nr="139" mi="5" ci="0" mb="0" cb="0"/><line nr="144" mi="4" ci="0" mb="2" cb="0"/><line nr="146" mi="4" ci="0" mb="0" cb="0"/><line nr="149" mi="4" ci="0" mb="2" cb="0"/><line nr="151" mi="4" ci="0" mb="0" cb="0"/><line nr="155" mi="5" ci="0" mb="0" cb="0"/><line nr="159" mi="5" ci="0" mb="0" cb="0"/><line nr="164" mi="4" ci="0" mb="0" cb="0"/><line nr="167" mi="4" ci="0" mb="0" cb="0"/><counter type="INSTRUCTION" missed="270" covered="0"/><counter type="BRANCH" missed="54" covered="0"/><counter type="LINE" missed="61" covered="0"/><counter type="COMPLEXITY" missed="38" covered="0"/><counter type="METHOD" missed="8" covered="0"/><counter type="CLASS" missed="1" covered="0"/></sourcefile><sourcefile name="Game.java"><line nr="17" mi="3" ci="0" mb="0" cb="0"/><line nr="18" mi="2" ci="0" mb="0" cb="0"/><line nr="19" mi="4" ci="0" mb="0" cb="0"/><line nr="20" mi="4" ci="0" mb="0" cb="0"/><line nr="21" mi="4" ci="0" mb="0" cb="0"/><line nr="22" mi="5" ci="0" mb="0" cb="0"/><line nr="25" mi="2" ci="0" mb="0" cb="0"/><line nr="26" mi="2" ci="0" mb="0" cb="0"/><line nr="27" mi="2" ci="0" mb="0" cb="0"/><line nr="28" mi="2" ci="0" mb="0" cb="0"/><line nr="29" mi="7" ci="0" mb="2" cb="0"/><line nr="31" mi="12" ci="0" mb="0" cb="0"/><line nr="34" mi="12" ci="0" mb="0" cb="0"/><line nr="38" mi="12" ci="0" mb="0" cb="0"/><line nr="39" mi="12" ci="0" mb="0" cb="0"/><line nr="40" mi="12" ci="0" mb="0" cb="0"/><line nr="41" mi="12" ci="0" mb="0" cb="0"/><line nr="42" mi="12" ci="0" mb="0" cb="0"/><line nr="43" mi="12" ci="0" mb="0" cb="0"/><line nr="44" mi="12" ci="0" mb="0" cb="0"/><line nr="45" mi="12" ci="0" mb="0" cb="0"/><line nr="48" mi="7" ci="0" mb="2" cb="0"/><line nr="49" mi="7" ci="0" mb="2" cb="0"/><line nr="50" mi="9" ci="0" mb="0" cb="0"/><line nr="55" mi="12" ci="0" mb="0" cb="0"/><line nr="56" mi="12" ci="0" mb="0" cb="0"/><line nr="57" mi="12" ci="0" mb="0" cb="0"/><line nr="58" mi="12" ci="0" mb="0" cb="0"/><line nr="59" mi="12" ci="0" mb="0" cb="0"/><line nr="60" mi="12" ci="0" mb="0" cb="0"/><line nr="61" mi="12" ci="0" mb="0" cb="0"/><line nr="62" mi="12" ci="0" mb="0" cb="0"/><line nr="63" mi="1" ci="0" mb="0" cb="0"/><line nr="66" mi="4" ci="0" mb="2" cb="0"/><line nr="68" mi="3" ci="0" mb="0" cb="0"/><line nr="70" mi="4" ci="0" mb="2" cb="0"/><line nr="71" mi="7" ci="0" mb="2" cb="0"/><line nr="74" mi="3" ci="0" mb="0" cb="0"/><line nr="78" mi="5" ci="0" mb="0" cb="0"/><line nr="80" mi="4" ci="0" mb="2" cb="0"/><line nr="81" mi="11" ci="0" mb="2" cb="0"/><line nr="82" mi="5" ci="0" mb="2" cb="0"/><line nr="85" mi="3" ci="0" mb="0" cb="0"/><line nr="88" mi="5" ci="0" mb="0" cb="0"/><line nr="90" mi="4" ci="0" mb="2" cb="0"/><line nr="91" mi="11" ci="0" mb="2" cb="0"/><line nr="92" mi="5" ci="0" mb="2" cb="0"/><line nr="95" mi="3" ci="0" mb="0" cb="0"/><line nr="98" mi="5" ci="0" mb="0" cb="0"/><line nr="100" mi="5" ci="0" mb="0" cb="0"/><line nr="105" mi="3" ci="0" mb="0" cb="0"/><line nr="114" mi="3" ci="0" mb="0" cb="0"/><line nr="116" mi="6" ci="0" mb="0" cb="0"/><line nr="117" mi="8" ci="0" mb="0" cb="0"/><line nr="119" mi="7" ci="0" mb="2" cb="0"/><line nr="120" mi="4" ci="0" mb="0" cb="0"/><line nr="121" mi="3" ci="0" mb="2" cb="0"/><line nr="122" mi="13" ci="0" mb="2" cb="0"/><line nr="123" mi="8" ci="0" mb="4" cb="0"/><line nr="124" mi="8" ci="0" mb="0" cb="0"/><line nr="125" mi="6" ci="0" mb="0" cb="0"/><line nr="126" mi="7" ci="0" mb="0" cb="0"/><line nr="127" mi="2" ci="0" mb="2" cb="0"/><line nr="128" mi="6" ci="0" mb="0" cb="0"/><line nr="129" mi="7" ci="0" mb="0" cb="0"/><line nr="130" mi="5" ci="0" mb="0" cb="0"/><line nr="133" mi="4" ci="0" mb="0" cb="0"/><line nr="134" mi="6" ci="0" mb="2" cb="0"/><line nr="135" mi="5" ci="0" mb="0" cb="0"/><line nr="136" mi="7" ci="0" mb="0" cb="0"/><line nr="137" mi="2" ci="0" mb="0" cb="0"/><line nr="140" mi="7" ci="0" mb="2" cb="0"/><line nr="141" mi="1" ci="0" mb="0" cb="0"/><line nr="143" mi="2" ci="0" mb="0" cb="0"/><line nr="146" mi="4" ci="0" mb="0" cb="0"/><line nr="147" mi="2" ci="0" mb="2" cb="0"/><line nr="148" mi="13" ci="0" mb="2" cb="0"/><line nr="149" mi="8" ci="0" mb="4" cb="0"/><line nr="150" mi="8" ci="0" mb="0" cb="0"/><line nr="151" mi="6" ci="0" mb="0" cb="0"/><line nr="152" mi="7" ci="0" mb="0" cb="0"/><line nr="153" mi="2" ci="0" mb="2" cb="0"/><line nr="154" mi="6" ci="0" mb="0" cb="0"/><line nr="155" mi="7" ci="0" mb="0" cb="0"/><line nr="156" mi="5" ci="0" mb="0" cb="0"/><line nr="158" mi="4" ci="0" mb="0" cb="0"/><line nr="159" mi="6" ci="0" mb="2" cb="0"/><line nr="160" mi="5" ci="0" mb="0" cb="0"/><line nr="161" mi="7" ci="0" mb="0" cb="0"/><line nr="162" mi="2" ci="0" mb="0" cb="0"/><line nr="164" mi="7" ci="0" mb="2" cb="0"/><line nr="165" mi="1" ci="0" mb="0" cb="0"/><line nr="167" mi="2" ci="0" mb="0" cb="0"/><line nr="170" mi="4" ci="0" mb="0" cb="0"/><line nr="171" mi="3" ci="0" mb="2" cb="0"/><line nr="172" mi="13" ci="0" mb="2" cb="0"/><line nr="173" mi="8" ci="0" mb="4" cb="0"/><line nr="174" mi="8" ci="0" mb="0" cb="0"/><line nr="175" mi="6" ci="0" mb="0" cb="0"/><line nr="176" mi="7" ci="0" mb="0" cb="0"/><line nr="177" mi="2" ci="0" mb="2" cb="0"/><line nr="178" mi="6" ci="0" mb="0" cb="0"/><line nr="179" mi="7" ci="0" mb="0" cb="0"/><line nr="180" mi="5" ci="0" mb="0" cb="0"/><line nr="182" mi="4" ci="0" mb="0" cb="0"/><line nr="183" mi="6" ci="0" mb="2" cb="0"/><line nr="184" mi="5" ci="0" mb="0" cb="0"/><line nr="185" mi="7" ci="0" mb="0" cb="0"/><line nr="186" mi="2" ci="0" mb="0" cb="0"/><line nr="188" mi="7" ci="0" mb="2" cb="0"/><line nr="189" mi="1" ci="0" mb="0" cb="0"/><line nr="191" mi="2" ci="0" mb="0" cb="0"/><line nr="194" mi="4" ci="0" mb="0" cb="0"/><line nr="195" mi="2" ci="0" mb="2" cb="0"/><line nr="196" mi="13" ci="0" mb="2" cb="0"/><line nr="197" mi="8" ci="0" mb="4" cb="0"/><line nr="198" mi="8" ci="0" mb="0" cb="0"/><line nr="199" mi="6" ci="0" mb="0" cb="0"/><line nr="200" mi="7" ci="0" mb="0" cb="0"/><line nr="201" mi="2" ci="0" mb="2" cb="0"/><line nr="202" mi="6" ci="0" mb="0" cb="0"/><line nr="203" mi="7" ci="0" mb="0" cb="0"/><line nr="204" mi="5" ci="0" mb="0" cb="0"/><line nr="206" mi="4" ci="0" mb="0" cb="0"/><line nr="207" mi="6" ci="0" mb="2" cb="0"/><line nr="208" mi="5" ci="0" mb="0" cb="0"/><line nr="209" mi="7" ci="0" mb="0" cb="0"/><line nr="210" mi="2" ci="0" mb="0" cb="0"/><line nr="212" mi="7" ci="0" mb="2" cb="0"/><line nr="213" mi="1" ci="0" mb="0" cb="0"/><line nr="215" mi="2" ci="0" mb="0" cb="0"/><line nr="218" mi="4" ci="0" mb="0" cb="0"/><line nr="219" mi="4" ci="0" mb="0" cb="0"/><line nr="220" mi="4" ci="0" mb="4" cb="0"/><line nr="221" mi="13" ci="0" mb="2" cb="0"/><line nr="222" mi="8" ci="0" mb="4" cb="0"/><line nr="223" mi="8" ci="0" mb="0" cb="0"/><line nr="224" mi="6" ci="0" mb="0" cb="0"/><line nr="225" mi="7" ci="0" mb="0" cb="0"/><line nr="226" mi="2" ci="0" mb="2" cb="0"/><line nr="227" mi="6" ci="0" mb="0" cb="0"/><line nr="228" mi="7" ci="0" mb="0" cb="0"/><line nr="229" mi="5" ci="0" mb="0" cb="0"/><line nr="231" mi="4" ci="0" mb="0" cb="0"/><line nr="232" mi="6" ci="0" mb="2" cb="0"/><line nr="233" mi="5" ci="0" mb="0" cb="0"/><line nr="234" mi="7" ci="0" mb="0" cb="0"/><line nr="235" mi="2" ci="0" mb="0" cb="0"/><line nr="237" mi="7" ci="0" mb="2" cb="0"/><line nr="238" mi="1" ci="0" mb="0" cb="0"/><line nr="240" mi="1" ci="0" mb="0" cb="0"/><line nr="241" mi="2" ci="0" mb="0" cb="0"/><line nr="244" mi="4" ci="0" mb="0" cb="0"/><line nr="245" mi="4" ci="0" mb="0" cb="0"/><line nr="246" mi="5" ci="0" mb="4" cb="0"/><line nr="247" mi="13" ci="0" mb="2" cb="0"/><line nr="248" mi="8" ci="0" mb="4" cb="0"/><line nr="249" mi="8" ci="0" mb="0" cb="0"/><line nr="250" mi="6" ci="0" mb="0" cb="0"/><line nr="251" mi="7" ci="0" mb="0" cb="0"/><line nr="252" mi="2" ci="0" mb="2" cb="0"/><line nr="253" mi="6" ci="0" mb="0" cb="0"/><line nr="254" mi="7" ci="0" mb="0" cb="0"/><line nr="255" mi="5" ci="0" mb="0" cb="0"/><line nr="257" mi="4" ci="0" mb="0" cb="0"/><line nr="258" mi="6" ci="0" mb="2" cb="0"/><line nr="259" mi="5" ci="0" mb="0" cb="0"/><line nr="260" mi="7" ci="0" mb="0" cb="0"/><line nr="261" mi="2" ci="0" mb="0" cb="0"/><line nr="263" mi="7" ci="0" mb="2" cb="0"/><line nr="264" mi="1" ci="0" mb="0" cb="0"/><line nr="266" mi="1" ci="0" mb="0" cb="0"/><line nr="267" mi="2" ci="0" mb="0" cb="0"/><line nr="270" mi="4" ci="0" mb="0" cb="0"/><line nr="271" mi="4" ci="0" mb="0" cb="0"/><line nr="272" mi="5" ci="0" mb="4" cb="0"/><line nr="273" mi="13" ci="0" mb="2" cb="0"/><line nr="274" mi="8" ci="0" mb="4" cb="0"/><line nr="275" mi="8" ci="0" mb="0" cb="0"/><line nr="276" mi="6" ci="0" mb="0" cb="0"/><line nr="277" mi="7" ci="0" mb="0" cb="0"/><line nr="278" mi="2" ci="0" mb="2" cb="0"/><line nr="279" mi="6" ci="0" mb="0" cb="0"/><line nr="280" mi="7" ci="0" mb="0" cb="0"/><line nr="281" mi="5" ci="0" mb="0" cb="0"/><line nr="283" mi="4" ci="0" mb="0" cb="0"/><line nr="284" mi="6" ci="0" mb="2" cb="0"/><line nr="285" mi="5" ci="0" mb="0" cb="0"/><line nr="286" mi="7" ci="0" mb="0" cb="0"/><line nr="287" mi="2" ci="0" mb="0" cb="0"/><line nr="289" mi="7" ci="0" mb="2" cb="0"/><line nr="290" mi="1" ci="0" mb="0" cb="0"/><line nr="292" mi="1" ci="0" mb="0" cb="0"/><line nr="293" mi="2" ci="0" mb="0" cb="0"/><line nr="297" mi="4" ci="0" mb="0" cb="0"/><line nr="298" mi="4" ci="0" mb="0" cb="0"/><line nr="299" mi="6" ci="0" mb="4" cb="0"/><line nr="300" mi="13" ci="0" mb="2" cb="0"/><line nr="301" mi="8" ci="0" mb="4" cb="0"/><line nr="302" mi="8" ci="0" mb="0" cb="0"/><line nr="303" mi="6" ci="0" mb="0" cb="0"/><line nr="304" mi="7" ci="0" mb="0" cb="0"/><line nr="305" mi="2" ci="0" mb="2" cb="0"/><line nr="306" mi="6" ci="0" mb="0" cb="0"/><line nr="307" mi="7" ci="0" mb="0" cb="0"/><line nr="308" mi="5" ci="0" mb="0" cb="0"/><line nr="310" mi="4" ci="0" mb="0" cb="0"/><line nr="311" mi="6" ci="0" mb="2" cb="0"/><line nr="312" mi="5" ci="0" mb="0" cb="0"/><line nr="313" mi="7" ci="0" mb="0" cb="0"/><line nr="314" mi="2" ci="0" mb="0" cb="0"/><line nr="316" mi="7" ci="0" mb="2" cb="0"/><line nr="317" mi="1" ci="0" mb="0" cb="0"/><line nr="319" mi="1" ci="0" mb="0" cb="0"/><line nr="320" mi="2" ci="0" mb="0" cb="0"/><line nr="323" mi="5" ci="0" mb="0" cb="0"/><line nr="326" mi="5" ci="0" mb="0" cb="0"/><line nr="337" mi="3" ci="0" mb="0" cb="0"/><line nr="339" mi="6" ci="0" mb="0" cb="0"/><line nr="340" mi="8" ci="0" mb="0" cb="0"/><line nr="341" mi="7" ci="0" mb="2" cb="0"/><line nr="342" mi="4" ci="0" mb="0" cb="0"/><line nr="343" mi="3" ci="0" mb="2" cb="0"/><line nr="344" mi="13" ci="0" mb="2" cb="0"/><line nr="345" mi="13" ci="0" mb="4" cb="0"/><line nr="346" mi="8" ci="0" mb="4" cb="0"/><line nr="347" mi="8" ci="0" mb="0" cb="0"/><line nr="348" mi="7" ci="0" mb="0" cb="0"/><line nr="349" mi="5" ci="0" mb="0" cb="0"/><line nr="350" mi="5" ci="0" mb="0" cb="0"/><line nr="351" mi="7" ci="0" mb="0" cb="0"/><line nr="352" mi="6" ci="0" mb="0" cb="0"/><line nr="353" mi="7" ci="0" mb="0" cb="0"/><line nr="354" mi="2" ci="0" mb="2" cb="0"/><line nr="355" mi="7" ci="0" mb="0" cb="0"/><line nr="356" mi="7" ci="0" mb="0" cb="0"/><line nr="357" mi="5" ci="0" mb="0" cb="0"/><line nr="359" mi="2" ci="0" mb="2" cb="0"/><line nr="360" mi="6" ci="0" mb="0" cb="0"/><line nr="362" mi="5" ci="0" mb="0" cb="0"/><line nr="364" mi="4" ci="0" mb="0" cb="0"/><line nr="365" mi="6" ci="0" mb="2" cb="0"/><line nr="366" mi="2" ci="0" mb="0" cb="0"/><line nr="369" mi="7" ci="0" mb="2" cb="0"/><line nr="370" mi="1" ci="0" mb="0" cb="0"/><line nr="372" mi="2" ci="0" mb="0" cb="0"/><line nr="375" mi="4" ci="0" mb="0" cb="0"/><line nr="376" mi="2" ci="0" mb="2" cb="0"/><line nr="377" mi="13" ci="0" mb="2" cb="0"/><line nr="378" mi="13" ci="0" mb="4" cb="0"/><line nr="379" mi="8" ci="0" mb="4" cb="0"/><line nr="380" mi="8" ci="0" mb="0" cb="0"/><line nr="381" mi="7" ci="0" mb="0" cb="0"/><line nr="382" mi="5" ci="0" mb="0" cb="0"/><line nr="383" mi="5" ci="0" mb="0" cb="0"/><line nr="384" mi="7" ci="0" mb="0" cb="0"/><line nr="385" mi="6" ci="0" mb="0" cb="0"/><line nr="386" mi="7" ci="0" mb="0" cb="0"/><line nr="387" mi="2" ci="0" mb="2" cb="0"/><line nr="388" mi="7" ci="0" mb="0" cb="0"/><line nr="389" mi="7" ci="0" mb="0" cb="0"/><line nr="390" mi="5" ci="0" mb="0" cb="0"/><line nr="392" mi="2" ci="0" mb="2" cb="0"/><line nr="393" mi="6" ci="0" mb="0" cb="0"/><line nr="395" mi="5" ci="0" mb="0" cb="0"/><line nr="397" mi="4" ci="0" mb="0" cb="0"/><line nr="398" mi="6" ci="0" mb="2" cb="0"/><line nr="399" mi="2" ci="0" mb="0" cb="0"/><line nr="401" mi="7" ci="0" mb="2" cb="0"/><line nr="402" mi="1" ci="0" mb="0" cb="0"/><line nr="404" mi="2" ci="0" mb="0" cb="0"/><line nr="407" mi="4" ci="0" mb="0" cb="0"/><line nr="408" mi="3" ci="0" mb="2" cb="0"/><line nr="409" mi="13" ci="0" mb="2" cb="0"/><line nr="410" mi="13" ci="0" mb="4" cb="0"/><line nr="411" mi="8" ci="0" mb="4" cb="0"/><line nr="412" mi="8" ci="0" mb="0" cb="0"/><line nr="413" mi="7" ci="0" mb="0" cb="0"/><line nr="414" mi="5" ci="0" mb="0" cb="0"/><line nr="415" mi="5" ci="0" mb="0" cb="0"/><line nr="416" mi="7" ci="0" mb="0" cb="0"/><line nr="417" mi="6" ci="0" mb="0" cb="0"/><line nr="418" mi="7" ci="0" mb="0" cb="0"/><line nr="419" mi="2" ci="0" mb="2" cb="0"/><line nr="420" mi="7" ci="0" mb="0" cb="0"/><line nr="421" mi="7" ci="0" mb="0" cb="0"/><line nr="422" mi="5" ci="0" mb="0" cb="0"/><line nr="424" mi="2" ci="0" mb="2" cb="0"/><line nr="425" mi="6" ci="0" mb="0" cb="0"/><line nr="427" mi="5" ci="0" mb="0" cb="0"/><line nr="429" mi="4" ci="0" mb="0" cb="0"/><line nr="430" mi="6" ci="0" mb="2" cb="0"/><line nr="431" mi="2" ci="0" mb="0" cb="0"/><line nr="433" mi="7" ci="0" mb="2" cb="0"/><line nr="434" mi="1" ci="0" mb="0" cb="0"/><line nr="436" mi="2" ci="0" mb="0" cb="0"/><line nr="439" mi="4" ci="0" mb="0" cb="0"/><line nr="440" mi="2" ci="0" mb="2" cb="0"/><line nr="441" mi="13" ci="0" mb="2" cb="0"/><line nr="442" mi="13" ci="0" mb="4" cb="0"/><line nr="443" mi="8" ci="0" mb="4" cb="0"/><line nr="444" mi="8" ci="0" mb="0" cb="0"/><line nr="445" mi="7" ci="0" mb="0" cb="0"/><line nr="446" mi="5" ci="0" mb="0" cb="0"/><line nr="447" mi="5" ci="0" mb="0" cb="0"/><line nr="448" mi="7" ci="0" mb="0" cb="0"/><line nr="449" mi="6" ci="0" mb="0" cb="0"/><line nr="450" mi="7" ci="0" mb="0" cb="0"/><line nr="451" mi="2" ci="0" mb="2" cb="0"/><line nr="452" mi="7" ci="0" mb="0" cb="0"/><line nr="453" mi="7" ci="0" mb="0" cb="0"/><line nr="454" mi="5" ci="0" mb="0" cb="0"/><line nr="456" mi="2" ci="0" mb="2" cb="0"/><line nr="457" mi="6" ci="0" mb="0" cb="0"/><line nr="459" mi="5" ci="0" mb="0" cb="0"/><line nr="461" mi="4" ci="0" mb="0" cb="0"/><line nr="462" mi="6" ci="0" mb="2" cb="0"/><line nr="463" mi="2" ci="0" mb="0" cb="0"/><line nr="465" mi="7" ci="0" mb="2" cb="0"/><line nr="466" mi="1" ci="0" mb="0" cb="0"/><line nr="468" mi="2" ci="0" mb="0" cb="0"/><line nr="471" mi="4" ci="0" mb="0" cb="0"/><line nr="472" mi="4" ci="0" mb="0" cb="0"/><line nr="473" mi="4" ci="0" mb="4" cb="0"/><line nr="474" mi="13" ci="0" mb="2" cb="0"/><line nr="475" mi="13" ci="0" mb="4" cb="0"/><line nr="476" mi="8" ci="0" mb="4" cb="0"/><line nr="477" mi="8" ci="0" mb="0" cb="0"/><line nr="478" mi="7" ci="0" mb="0" cb="0"/><line nr="479" mi="5" ci="0" mb="0" cb="0"/><line nr="480" mi="5" ci="0" mb="0" cb="0"/><line nr="481" mi="7" ci="0" mb="0" cb="0"/><line nr="482" mi="6" ci="0" mb="0" cb="0"/><line nr="483" mi="7" ci="0" mb="0" cb="0"/><line nr="484" mi="2" ci="0" mb="2" cb="0"/><line nr="485" mi="7" ci="0" mb="0" cb="0"/><line nr="486" mi="7" ci="0" mb="0" cb="0"/><line nr="487" mi="5" ci="0" mb="0" cb="0"/><line nr="489" mi="2" ci="0" mb="2" cb="0"/><line nr="490" mi="6" ci="0" mb="0" cb="0"/><line nr="492" mi="5" ci="0" mb="0" cb="0"/><line nr="494" mi="4" ci="0" mb="0" cb="0"/><line nr="495" mi="6" ci="0" mb="2" cb="0"/><line nr="496" mi="2" ci="0" mb="0" cb="0"/><line nr="498" mi="7" ci="0" mb="2" cb="0"/><line nr="499" mi="1" ci="0" mb="0" cb="0"/><line nr="501" mi="1" ci="0" mb="0" cb="0"/><line nr="502" mi="2" ci="0" mb="0" cb="0"/><line nr="505" mi="4" ci="0" mb="0" cb="0"/><line nr="506" mi="4" ci="0" mb="0" cb="0"/><line nr="507" mi="5" ci="0" mb="4" cb="0"/><line nr="508" mi="13" ci="0" mb="2" cb="0"/><line nr="509" mi="13" ci="0" mb="4" cb="0"/><line nr="510" mi="8" ci="0" mb="4" cb="0"/><line nr="511" mi="8" ci="0" mb="0" cb="0"/><line nr="512" mi="7" ci="0" mb="0" cb="0"/><line nr="513" mi="5" ci="0" mb="0" cb="0"/><line nr="514" mi="5" ci="0" mb="0" cb="0"/><line nr="515" mi="7" ci="0" mb="0" cb="0"/><line nr="516" mi="6" ci="0" mb="0" cb="0"/><line nr="517" mi="7" ci="0" mb="0" cb="0"/><line nr="518" mi="2" ci="0" mb="2" cb="0"/><line nr="519" mi="7" ci="0" mb="0" cb="0"/><line nr="520" mi="7" ci="0" mb="0" cb="0"/><line nr="521" mi="5" ci="0" mb="0" cb="0"/><line nr="523" mi="2" ci="0" mb="2" cb="0"/><line nr="524" mi="6" ci="0" mb="0" cb="0"/><line nr="526" mi="5" ci="0" mb="0" cb="0"/><line nr="528" mi="4" ci="0" mb="0" cb="0"/><line nr="529" mi="6" ci="0" mb="2" cb="0"/><line nr="530" mi="2" ci="0" mb="0" cb="0"/><line nr="532" mi="7" ci="0" mb="2" cb="0"/><line nr="533" mi="1" ci="0" mb="0" cb="0"/><line nr="535" mi="1" ci="0" mb="0" cb="0"/><line nr="536" mi="2" ci="0" mb="0" cb="0"/><line nr="539" mi="4" ci="0" mb="0" cb="0"/><line nr="540" mi="4" ci="0" mb="0" cb="0"/><line nr="541" mi="5" ci="0" mb="4" cb="0"/><line nr="542" mi="13" ci="0" mb="2" cb="0"/><line nr="543" mi="13" ci="0" mb="4" cb="0"/><line nr="544" mi="8" ci="0" mb="4" cb="0"/><line nr="545" mi="8" ci="0" mb="0" cb="0"/><line nr="546" mi="7" ci="0" mb="0" cb="0"/><line nr="547" mi="5" ci="0" mb="0" cb="0"/><line nr="548" mi="5" ci="0" mb="0" cb="0"/><line nr="549" mi="7" ci="0" mb="0" cb="0"/><line nr="550" mi="6" ci="0" mb="0" cb="0"/><line nr="551" mi="7" ci="0" mb="0" cb="0"/><line nr="552" mi="2" ci="0" mb="2" cb="0"/><line nr="553" mi="7" ci="0" mb="0" cb="0"/><line nr="554" mi="7" ci="0" mb="0" cb="0"/><line nr="555" mi="5" ci="0" mb="0" cb="0"/><line nr="557" mi="2" ci="0" mb="2" cb="0"/><line nr="558" mi="6" ci="0" mb="0" cb="0"/><line nr="560" mi="5" ci="0" mb="0" cb="0"/><line nr="562" mi="4" ci="0" mb="0" cb="0"/><line nr="563" mi="6" ci="0" mb="2" cb="0"/><line nr="564" mi="2" ci="0" mb="0" cb="0"/><line nr="566" mi="7" ci="0" mb="2" cb="0"/><line nr="567" mi="1" ci="0" mb="0" cb="0"/><line nr="569" mi="1" ci="0" mb="0" cb="0"/><line nr="570" mi="2" ci="0" mb="0" cb="0"/><line nr="574" mi="4" ci="0" mb="0" cb="0"/><line nr="575" mi="4" ci="0" mb="0" cb="0"/><line nr="576" mi="6" ci="0" mb="4" cb="0"/><line nr="577" mi="13" ci="0" mb="2" cb="0"/><line nr="578" mi="13" ci="0" mb="4" cb="0"/><line nr="579" mi="8" ci="0" mb="4" cb="0"/><line nr="580" mi="8" ci="0" mb="0" cb="0"/><line nr="581" mi="7" ci="0" mb="0" cb="0"/><line nr="582" mi="5" ci="0" mb="0" cb="0"/><line nr="583" mi="5" ci="0" mb="0" cb="0"/><line nr="584" mi="7" ci="0" mb="0" cb="0"/><line nr="585" mi="6" ci="0" mb="0" cb="0"/><line nr="586" mi="7" ci="0" mb="0" cb="0"/><line nr="587" mi="2" ci="0" mb="2" cb="0"/><line nr="588" mi="7" ci="0" mb="0" cb="0"/><line nr="589" mi="7" ci="0" mb="0" cb="0"/><line nr="590" mi="5" ci="0" mb="0" cb="0"/><line nr="592" mi="2" ci="0" mb="2" cb="0"/><line nr="593" mi="6" ci="0" mb="0" cb="0"/><line nr="595" mi="5" ci="0" mb="0" cb="0"/><line nr="597" mi="4" ci="0" mb="0" cb="0"/><line nr="598" mi="6" ci="0" mb="2" cb="0"/><line nr="599" mi="2" ci="0" mb="0" cb="0"/><line nr="601" mi="7" ci="0" mb="2" cb="0"/><line nr="602" mi="1" ci="0" mb="0" cb="0"/><line nr="604" mi="1" ci="0" mb="0" cb="0"/><line nr="605" mi="2" ci="0" mb="0" cb="0"/><line nr="608" mi="5" ci="0" mb="0" cb="0"/><line nr="611" mi="5" ci="0" mb="0" cb="0"/><line nr="622" mi="6" ci="0" mb="0" cb="0"/><line nr="623" mi="8" ci="0" mb="0" cb="0"/><line nr="624" mi="3" ci="0" mb="0" cb="0"/><line nr="626" mi="3" ci="0" mb="2" cb="0"/><line nr="627" mi="7" ci="0" mb="2" cb="0"/><line nr="628" mi="4" ci="0" mb="0" cb="0"/><line nr="629" mi="4" ci="0" mb="0" cb="0"/><line nr="630" mi="4" ci="0" mb="4" cb="0"/><line nr="631" mi="13" ci="0" mb="2" cb="0"/><line nr="632" mi="3" ci="0" mb="2" cb="0"/><line nr="633" mi="8" ci="0" mb="0" cb="0"/><line nr="634" mi="6" ci="0" mb="0" cb="0"/><line nr="635" mi="7" ci="0" mb="0" cb="0"/><line nr="636" mi="2" ci="0" mb="2" cb="0"/><line nr="637" mi="7" ci="0" mb="0" cb="0"/><line nr="638" mi="6" ci="0" mb="0" cb="0"/><line nr="639" mi="5" ci="0" mb="0" cb="0"/><line nr="642" mi="4" ci="0" mb="0" cb="0"/><line nr="643" mi="2" ci="0" mb="0" cb="0"/><line nr="644" mi="5" ci="0" mb="0" cb="0"/><line nr="645" mi="7" ci="0" mb="0" cb="0"/><line nr="646" mi="2" ci="0" mb="0" cb="0"/><line nr="648" mi="7" ci="0" mb="2" cb="0"/><line nr="649" mi="1" ci="0" mb="0" cb="0"/><line nr="651" mi="1" ci="0" mb="0" cb="0"/><line nr="652" mi="2" ci="0" mb="0" cb="0"/><line nr="655" mi="4" ci="0" mb="0" cb="0"/><line nr="656" mi="4" ci="0" mb="0" cb="0"/><line nr="657" mi="5" ci="0" mb="4" cb="0"/><line nr="658" mi="13" ci="0" mb="2" cb="0"/><line nr="659" mi="3" ci="0" mb="2" cb="0"/><line nr="660" mi="8" ci="0" mb="0" cb="0"/><line nr="661" mi="6" ci="0" mb="0" cb="0"/><line nr="662" mi="7" ci="0" mb="0" cb="0"/><line nr="663" mi="2" ci="0" mb="2" cb="0"/><line nr="664" mi="7" ci="0" mb="0" cb="0"/><line nr="665" mi="6" ci="0" mb="0" cb="0"/><line nr="666" mi="5" ci="0" mb="0" cb="0"/><line nr="669" mi="4" ci="0" mb="0" cb="0"/><line nr="670" mi="2" ci="0" mb="0" cb="0"/><line nr="671" mi="5" ci="0" mb="0" cb="0"/><line nr="672" mi="7" ci="0" mb="0" cb="0"/><line nr="673" mi="2" ci="0" mb="0" cb="0"/><line nr="675" mi="7" ci="0" mb="2" cb="0"/><line nr="676" mi="1" ci="0" mb="0" cb="0"/><line nr="678" mi="1" ci="0" mb="0" cb="0"/><line nr="679" mi="2" ci="0" mb="0" cb="0"/><line nr="682" mi="4" ci="0" mb="0" cb="0"/><line nr="683" mi="4" ci="0" mb="0" cb="0"/><line nr="684" mi="5" ci="0" mb="4" cb="0"/><line nr="685" mi="13" ci="0" mb="2" cb="0"/><line nr="686" mi="3" ci="0" mb="2" cb="0"/><line nr="687" mi="8" ci="0" mb="0" cb="0"/><line nr="688" mi="6" ci="0" mb="0" cb="0"/><line nr="689" mi="7" ci="0" mb="0" cb="0"/><line nr="690" mi="2" ci="0" mb="2" cb="0"/><line nr="691" mi="7" ci="0" mb="0" cb="0"/><line nr="692" mi="6" ci="0" mb="0" cb="0"/><line nr="693" mi="5" ci="0" mb="0" cb="0"/><line nr="696" mi="4" ci="0" mb="0" cb="0"/><line nr="697" mi="2" ci="0" mb="0" cb="0"/><line nr="698" mi="5" ci="0" mb="0" cb="0"/><line nr="699" mi="7" ci="0" mb="0" cb="0"/><line nr="700" mi="2" ci="0" mb="0" cb="0"/><line nr="702" mi="7" ci="0" mb="2" cb="0"/><line nr="703" mi="1" ci="0" mb="0" cb="0"/><line nr="705" mi="1" ci="0" mb="0" cb="0"/><line nr="706" mi="2" ci="0" mb="0" cb="0"/><line nr="709" mi="4" ci="0" mb="0" cb="0"/><line nr="710" mi="4" ci="0" mb="0" cb="0"/><line nr="711" mi="6" ci="0" mb="4" cb="0"/><line nr="712" mi="13" ci="0" mb="2" cb="0"/><line nr="713" mi="3" ci="0" mb="2" cb="0"/><line nr="714" mi="8" ci="0" mb="0" cb="0"/><line nr="715" mi="6" ci="0" mb="0" cb="0"/><line nr="716" mi="7" ci="0" mb="0" cb="0"/><line nr="717" mi="2" ci="0" mb="2" cb="0"/><line nr="718" mi="7" ci="0" mb="0" cb="0"/><line nr="719" mi="6" ci="0" mb="0" cb="0"/><line nr="720" mi="5" ci="0" mb="0" cb="0"/><line nr="723" mi="4" ci="0" mb="0" cb="0"/><line nr="724" mi="2" ci="0" mb="0" cb="0"/><line nr="725" mi="5" ci="0" mb="0" cb="0"/><line nr="726" mi="7" ci="0" mb="0" cb="0"/><line nr="727" mi="2" ci="0" mb="0" cb="0"/><line nr="729" mi="7" ci="0" mb="2" cb="0"/><line nr="730" mi="1" ci="0" mb="0" cb="0"/><line nr="732" mi="1" ci="0" mb="0" cb="0"/><line nr="733" mi="2" ci="0" mb="0" cb="0"/><line nr="736" mi="5" ci="0" mb="0" cb="0"/><line nr="738" mi="5" ci="0" mb="0" cb="0"/><line nr="741" mi="7" ci="0" mb="2" cb="0"/><line nr="742" mi="4" ci="0" mb="0" cb="0"/><line nr="743" mi="4" ci="0" mb="0" cb="0"/><line nr="744" mi="4" ci="0" mb="4" cb="0"/><line nr="745" mi="13" ci="0" mb="2" cb="0"/><line nr="746" mi="4" ci="0" mb="2" cb="0"/><line nr="747" mi="8" ci="0" mb="0" cb="0"/><line nr="748" mi="6" ci="0" mb="0" cb="0"/><line nr="749" mi="7" ci="0" mb="0" cb="0"/><line nr="750" mi="2" ci="0" mb="2" cb="0"/><line nr="751" mi="7" ci="0" mb="0" cb="0"/><line nr="752" mi="6" ci="0" mb="0" cb="0"/><line nr="753" mi="5" ci="0" mb="0" cb="0"/><line nr="756" mi="4" ci="0" mb="0" cb="0"/><line nr="757" mi="2" ci="0" mb="0" cb="0"/><line nr="758" mi="5" ci="0" mb="0" cb="0"/><line nr="759" mi="7" ci="0" mb="0" cb="0"/><line nr="760" mi="2" ci="0" mb="0" cb="0"/><line nr="762" mi="7" ci="0" mb="2" cb="0"/><line nr="763" mi="1" ci="0" mb="0" cb="0"/><line nr="765" mi="1" ci="0" mb="0" cb="0"/><line nr="766" mi="2" ci="0" mb="0" cb="0"/><line nr="769" mi="4" ci="0" mb="0" cb="0"/><line nr="770" mi="4" ci="0" mb="0" cb="0"/><line nr="771" mi="5" ci="0" mb="4" cb="0"/><line nr="772" mi="13" ci="0" mb="2" cb="0"/><line nr="773" mi="4" ci="0" mb="2" cb="0"/><line nr="774" mi="8" ci="0" mb="0" cb="0"/><line nr="775" mi="6" ci="0" mb="0" cb="0"/><line nr="776" mi="7" ci="0" mb="0" cb="0"/><line nr="777" mi="2" ci="0" mb="2" cb="0"/><line nr="778" mi="7" ci="0" mb="0" cb="0"/><line nr="779" mi="6" ci="0" mb="0" cb="0"/><line nr="780" mi="5" ci="0" mb="0" cb="0"/><line nr="783" mi="4" ci="0" mb="0" cb="0"/><line nr="784" mi="2" ci="0" mb="0" cb="0"/><line nr="785" mi="5" ci="0" mb="0" cb="0"/><line nr="786" mi="7" ci="0" mb="0" cb="0"/><line nr="787" mi="2" ci="0" mb="0" cb="0"/><line nr="789" mi="7" ci="0" mb="2" cb="0"/><line nr="790" mi="1" ci="0" mb="0" cb="0"/><line nr="792" mi="1" ci="0" mb="0" cb="0"/><line nr="793" mi="2" ci="0" mb="0" cb="0"/><line nr="796" mi="4" ci="0" mb="0" cb="0"/><line nr="797" mi="4" ci="0" mb="0" cb="0"/><line nr="798" mi="5" ci="0" mb="4" cb="0"/><line nr="799" mi="13" ci="0" mb="2" cb="0"/><line nr="800" mi="4" ci="0" mb="2" cb="0"/><line nr="801" mi="8" ci="0" mb="0" cb="0"/><line nr="802" mi="6" ci="0" mb="0" cb="0"/><line nr="803" mi="7" ci="0" mb="0" cb=
[...]
ine nr="1434" mi="7" ci="0" mb="0" cb="0"/><line nr="1435" mi="2" ci="0" mb="0" cb="0"/><line nr="1436" mi="4" ci="0" mb="2" cb="0"/><line nr="1437" mi="10" ci="0" mb="0" cb="0"/><line nr="1438" mi="7" ci="0" mb="0" cb="0"/><line nr="1439" mi="7" ci="0" mb="0" cb="0"/><line nr="1440" mi="2" ci="0" mb="0" cb="0"/><line nr="1442" mi="5" ci="0" mb="0" cb="0"/><line nr="1444" mi="10" ci="0" mb="4" cb="0"/><line nr="1445" mi="3" ci="0" mb="2" cb="0"/><line nr="1446" mi="5" ci="0" mb="0" cb="0"/><line nr="1449" mi="7" ci="0" mb="2" cb="0"/><line nr="1450" mi="2" ci="0" mb="0" cb="0"/><line nr="1451" mi="3" ci="0" mb="0" cb="0"/><line nr="1452" mi="7" ci="0" mb="2" cb="0"/><line nr="1453" mi="2" ci="0" mb="0" cb="0"/><line nr="1454" mi="3" ci="0" mb="0" cb="0"/><line nr="1456" mi="5" ci="0" mb="0" cb="0"/><line nr="1459" mi="4" ci="0" mb="2" cb="0"/><line nr="1460" mi="7" ci="0" mb="0" cb="0"/><line nr="1461" mi="10" ci="0" mb="0" cb="0"/><line nr="1462" mi="7" ci="0" mb="0" cb="0"/><line nr="1463" mi="2" ci="0" mb="0" cb="0"/><line nr="1464" mi="4" ci="0" mb="2" cb="0"/><line nr="1465" mi="10" ci="0" mb="0" cb="0"/><line nr="1466" mi="10" ci="0" mb="0" cb="0"/><line nr="1467" mi="7" ci="0" mb="0" cb="0"/><line nr="1468" mi="7" ci="0" mb="0" cb="0"/><line nr="1469" mi="2" ci="0" mb="0" cb="0"/><line nr="1471" mi="5" ci="0" mb="0" cb="0"/><line nr="1474" mi="5" ci="0" mb="0" cb="0"/><line nr="1477" mi="2" ci="0" mb="0" cb="0"/><line nr="1481" mi="12" ci="0" mb="2" cb="0"/><line nr="1482" mi="8" ci="0" mb="4" cb="0"/><line nr="1483" mi="5" ci="0" mb="0" cb="0"/><line nr="1486" mi="3" ci="0" mb="2" cb="0"/><line nr="1487" mi="12" ci="0" mb="0" cb="0"/><line nr="1488" mi="6" ci="0" mb="0" cb="0"/><line nr="1489" mi="2" ci="0" mb="2" cb="0"/><line nr="1490" mi="12" ci="0" mb="0" cb="0"/><line nr="1491" mi="6" ci="0" mb="0" cb="0"/><line nr="1492" mi="5" ci="0" mb="0" cb="0"/><line nr="1495" mi="12" ci="0" mb="0" cb="0"/><line nr="1496" mi="6" ci="0" mb="0" cb="0"/><line nr="1497" mi="2" ci="0" mb="2" cb="0"/><line nr="1498" mi="12" ci="0" mb="0" cb="0"/><line nr="1499" mi="6" ci="0" mb="0" cb="0"/><line nr="1500" mi="5" ci="0" mb="0" cb="0"/><line nr="1504" mi="4" ci="0" mb="0" cb="0"/><line nr="1505" mi="8" ci="0" mb="0" cb="0"/><line nr="1506" mi="6" ci="0" mb="2" cb="0"/><line nr="1507" mi="1" ci="0" mb="0" cb="0"/><line nr="1510" mi="7" ci="0" mb="2" cb="0"/><line nr="1511" mi="5" ci="0" mb="0" cb="0"/><line nr="1513" mi="8" ci="0" mb="2" cb="0"/><line nr="1514" mi="11" ci="0" mb="0" cb="0"/><line nr="1516" mi="10" ci="0" mb="0" cb="0"/><line nr="1518" mi="12" ci="0" mb="0" cb="0"/><line nr="1519" mi="6" ci="0" mb="0" cb="0"/><line nr="1520" mi="4" ci="0" mb="0" cb="0"/><line nr="1521" mi="8" ci="0" mb="0" cb="0"/><line nr="1522" mi="6" ci="0" mb="2" cb="0"/><line nr="1523" mi="1" ci="0" mb="0" cb="0"/><line nr="1526" mi="3" ci="0" mb="0" cb="0"/><line nr="1527" mi="3" ci="0" mb="2" cb="0"/><line nr="1528" mi="16" ci="0" mb="4" cb="0"/><line nr="1530" mi="8" ci="0" mb="0" cb="0"/><line nr="1531" mi="8" ci="0" mb="0" cb="0"/><line nr="1532" mi="4" ci="0" mb="2" cb="0"/><line nr="1533" mi="2" ci="0" mb="2" cb="0"/><line nr="1536" mi="12" ci="0" mb="2" cb="0"/><line nr="1537" mi="2" ci="0" mb="2" cb="0"/><line nr="1539" mi="6" ci="0" mb="2" cb="0"/><line nr="1540" mi="4" ci="0" mb="2" cb="0"/><line nr="1542" mi="2" ci="0" mb="2" cb="0"/><line nr="1543" mi="5" ci="0" mb="0" cb="0"/><line nr="1546" mi="2" ci="0" mb="0" cb="0"/><line nr="1547" mi="2" ci="0" mb="0" cb="0"/><line nr="1548" mi="7" ci="0" mb="0" cb="0"/><line nr="1549" mi="7" ci="0" mb="0" cb="0"/><line nr="1550" mi="6" ci="0" mb="0" cb="0"/><line nr="1551" mi="6" ci="0" mb="0" cb="0"/><line nr="1552" mi="4" ci="0" mb="0" cb="0"/><line nr="1553" mi="2" ci="0" mb="0" cb="0"/><line nr="1554" mi="4" ci="0" mb="0" cb="0"/><line nr="1555" mi="2" ci="0" mb="0" cb="0"/><line nr="1557" mi="5" ci="0" mb="0" cb="0"/><line nr="1561" mi="5" ci="0" mb="0" cb="0"/><line nr="1566" mi="5" ci="0" mb="0" cb="0"/><line nr="1570" mi="16" ci="0" mb="4" cb="0"/><line nr="1572" mi="8" ci="0" mb="0" cb="0"/><line nr="1573" mi="8" ci="0" mb="0" cb="0"/><line nr="1574" mi="4" ci="0" mb="2" cb="0"/><line nr="1575" mi="2" ci="0" mb="2" cb="0"/><line nr="1578" mi="14" ci="0" mb="4" cb="0"/><line nr="1579" mi="6" ci="0" mb="2" cb="0"/><line nr="1580" mi="4" ci="0" mb="2" cb="0"/><line nr="1581" mi="2" ci="0" mb="2" cb="0"/><line nr="1584" mi="5" ci="0" mb="0" cb="0"/><line nr="1588" mi="2" ci="0" mb="0" cb="0"/><line nr="1589" mi="2" ci="0" mb="0" cb="0"/><line nr="1590" mi="7" ci="0" mb="0" cb="0"/><line nr="1591" mi="7" ci="0" mb="0" cb="0"/><line nr="1592" mi="6" ci="0" mb="0" cb="0"/><line nr="1593" mi="6" ci="0" mb="0" cb="0"/><line nr="1594" mi="4" ci="0" mb="0" cb="0"/><line nr="1595" mi="2" ci="0" mb="0" cb="0"/><line nr="1596" mi="4" ci="0" mb="0" cb="0"/><line nr="1597" mi="2" ci="0" mb="0" cb="0"/><line nr="1599" mi="5" ci="0" mb="0" cb="0"/><line nr="1603" mi="5" ci="0" mb="0" cb="0"/><line nr="1608" mi="5" ci="0" mb="0" cb="0"/><line nr="1615" mi="3" ci="0" mb="0" cb="0"/><line nr="1616" mi="3" ci="0" mb="2" cb="0"/><line nr="1617" mi="16" ci="0" mb="4" cb="0"/><line nr="1619" mi="8" ci="0" mb="0" cb="0"/><line nr="1620" mi="8" ci="0" mb="0" cb="0"/><line nr="1621" mi="4" ci="0" mb="2" cb="0"/><line nr="1622" mi="2" ci="0" mb="2" cb="0"/><line nr="1625" mi="14" ci="0" mb="4" cb="0"/><line nr="1626" mi="6" ci="0" mb="2" cb="0"/><line nr="1627" mi="4" ci="0" mb="2" cb="0"/><line nr="1629" mi="2" ci="0" mb="2" cb="0"/><line nr="1630" mi="5" ci="0" mb="0" cb="0"/><line nr="1634" mi="2" ci="0" mb="0" cb="0"/><line nr="1635" mi="2" ci="0" mb="0" cb="0"/><line nr="1636" mi="7" ci="0" mb="0" cb="0"/><line nr="1637" mi="7" ci="0" mb="0" cb="0"/><line nr="1638" mi="6" ci="0" mb="0" cb="0"/><line nr="1639" mi="6" ci="0" mb="0" cb="0"/><line nr="1640" mi="4" ci="0" mb="0" cb="0"/><line nr="1641" mi="4" ci="0" mb="0" cb="0"/><line nr="1642" mi="2" ci="0" mb="0" cb="0"/><line nr="1643" mi="2" ci="0" mb="0" cb="0"/><line nr="1645" mi="5" ci="0" mb="0" cb="0"/><line nr="1649" mi="5" ci="0" mb="0" cb="0"/><line nr="1654" mi="5" ci="0" mb="0" cb="0"/><line nr="1658" mi="16" ci="0" mb="4" cb="0"/><line nr="1660" mi="8" ci="0" mb="0" cb="0"/><line nr="1661" mi="8" ci="0" mb="0" cb="0"/><line nr="1662" mi="4" ci="0" mb="2" cb="0"/><line nr="1663" mi="2" ci="0" mb="2" cb="0"/><line nr="1666" mi="14" ci="0" mb="4" cb="0"/><line nr="1667" mi="6" ci="0" mb="2" cb="0"/><line nr="1668" mi="4" ci="0" mb="2" cb="0"/><line nr="1669" mi="2" ci="0" mb="2" cb="0"/><line nr="1672" mi="5" ci="0" mb="0" cb="0"/><line nr="1676" mi="2" ci="0" mb="0" cb="0"/><line nr="1677" mi="2" ci="0" mb="0" cb="0"/><line nr="1678" mi="7" ci="0" mb="0" cb="0"/><line nr="1679" mi="7" ci="0" mb="0" cb="0"/><line nr="1680" mi="6" ci="0" mb="0" cb="0"/><line nr="1681" mi="6" ci="0" mb="0" cb="0"/><line nr="1682" mi="4" ci="0" mb="0" cb="0"/><line nr="1683" mi="4" ci="0" mb="0" cb="0"/><line nr="1684" mi="2" ci="0" mb="0" cb="0"/><line nr="1685" mi="2" ci="0" mb="0" cb="0"/><line nr="1687" mi="5" ci="0" mb="0" cb="0"/><line nr="1691" mi="5" ci="0" mb="0" cb="0"/><line nr="1696" mi="5" ci="0" mb="0" cb="0"/><line nr="1703" mi="2" ci="0" mb="0" cb="0"/><line nr="1707" mi="6" ci="0" mb="2" cb="0"/><line nr="1708" mi="1" ci="0" mb="0" cb="0"/><line nr="1711" mi="6" ci="0" mb="0" cb="0"/><line nr="1715" mi="4" ci="0" mb="0" cb="0"/><line nr="1716" mi="1" ci="0" mb="0" cb="0"/><line nr="1719" mi="2" ci="0" mb="0" cb="0"/><line nr="1723" mi="2" ci="0" mb="0" cb="0"/><line nr="1727" mi="2" ci="0" mb="0" cb="0"/><line nr="1731" mi="5" ci="0" mb="0" cb="0"/><line nr="1732" mi="1" ci="0" mb="0" cb="0"/><line nr="1735" mi="5" ci="0" mb="0" cb="0"/><line nr="1736" mi="1" ci="0" mb="0" cb="0"/><counter type="INSTRUCTION" missed="6593" covered="0"/><counter type="BRANCH" missed="852" covered="0"/><counter type="LINE" missed="1202" covered="0"/><counter type="COMPLEXITY" missed="454" covered="0"/><counter type="METHOD" missed="28" covered="0"/><counter type="CLASS" missed="1" covered="0"/></sourcefile><sourcefile name="PrintMessage.java"><line nr="5" mi="3" ci="0" mb="0" cb="0"/><line nr="8" mi="3" ci="0" mb="0" cb="0"/><line nr="9" mi="7" ci="0" mb="2" cb="0"/><line nr="10" mi="12" ci="0" mb="0" cb="0"/><line nr="11" mi="7" ci="0" mb="2" cb="0"/><line nr="12" mi="14" ci="0" mb="0" cb="0"/><line nr="14" mi="12" ci="0" mb="0" cb="0"/><line nr="15" mi="3" ci="0" mb="0" cb="0"/><line nr="17" mi="3" ci="0" mb="0" cb="0"/><line nr="18" mi="1" ci="0" mb="0" cb="0"/><line nr="21" mi="3" ci="0" mb="2" cb="0"/><line nr="22" mi="4" ci="0" mb="0" cb="0"/><line nr="25" mi="2" ci="0" mb="0" cb="0"/><line nr="26" mi="8" ci="0" mb="2" cb="0"/><line nr="27" mi="4" ci="0" mb="0" cb="0"/><line nr="28" mi="4" ci="0" mb="2" cb="0"/><line nr="30" mi="22" ci="0" mb="0" cb="0"/><line nr="31" mi="1" ci="0" mb="0" cb="0"/><line nr="32" mi="2" ci="0" mb="0" cb="0"/><line nr="34" mi="6" ci="0" mb="2" cb="0"/><line nr="35" mi="15" ci="0" mb="0" cb="0"/><line nr="39" mi="1" ci="0" mb="0" cb="0"/><line nr="42" mi="3" ci="0" mb="2" cb="0"/><line nr="43" mi="4" ci="0" mb="0" cb="0"/><line nr="45" mi="10" ci="0" mb="0" cb="0"/><line nr="47" mi="3" ci="0" mb="2" cb="0"/><line nr="48" mi="4" ci="0" mb="0" cb="0"/><line nr="50" mi="10" ci="0" mb="0" cb="0"/><line nr="52" mi="1" ci="0" mb="0" cb="0"/><line nr="55" mi="16" ci="0" mb="0" cb="0"/><line nr="56" mi="1" ci="0" mb="0" cb="0"/><line nr="59" mi="3" ci="0" mb="0" cb="0"/><line nr="60" mi="1" ci="0" mb="0" cb="0"/><line nr="63" mi="3" ci="0" mb="0" cb="0"/><line nr="64" mi="1" ci="0" mb="0" cb="0"/><line nr="67" mi="22" ci="0" mb="0" cb="0"/><line nr="68" mi="1" ci="0" mb="0" cb="0"/><counter type="INSTRUCTION" missed="220" covered="0"/><counter type="BRANCH" missed="16" covered="0"/><counter type="LINE" missed="37" covered="0"/><counter type="COMPLEXITY" missed="16" covered="0"/><counter type="METHOD" missed="8" covered="0"/><counter type="CLASS" missed="1" covered="0"/></sourcefile><counter type="INSTRUCTION" missed="9202" covered="0"/><counter type="BRANCH" missed="1355" covered="0"/><counter type="LINE" missed="1796" covered="0"/><counter type="COMPLEXITY" missed="758" covered="0"/><counter type="METHOD" missed="75" covered="0"/><counter type="CLASS" missed="13" covered="0"/></package><package name="it/uniba/sotorrent"><class name="it/uniba/sotorrent/GoogleDocsUtils" sourcefilename="GoogleDocsUtils.java"><method name="&lt;init&gt;" desc="()V" line="26"><counter type="INSTRUCTION" missed="3" covered="0"/><counter type="LINE" missed="1" covered="0"/><counter type="COMPLEXITY" missed="1" covered="0"/><counter type="METHOD" missed="1" covered="0"/></method><counter type="INSTRUCTION" missed="3" covered="0"/><counter type="LINE" missed="1" covered="0"/><counter type="COMPLEXITY" missed="1" covered="0"/><counter type="METHOD" missed="1" covered="0"/><counter type="CLASS" missed="1" covered="0"/></class><sourcefile name="GoogleDocsUtils.java"><line nr="26" mi="3" ci="0" mb="0" cb="0"/><counter type="INSTRUCTION" missed="3" covered="0"/><counter type="LINE" missed="1" covered="0"/><counter type="COMPLEXITY" missed="1" covered="0"/><counter type="METHOD" missed="1" covered="0"/><counter type="CLASS" missed="1" covered="0"/></sourcefile><counter type="INSTRUCTION" missed="3" covered="0"/><counter type="LINE" missed="1" covered="0"/><counter type="COMPLEXITY" missed="1" covered="0"/><counter type="METHOD" missed="1" covered="0"/><counter type="CLASS" missed="1" covered="0"/></package><package name="it/uniba/example/db"><class name="it/uniba/example/db/DatabaseConnection" sourcefilename="DatabaseConnection.java"><method name="&lt;init&gt;" desc="(Ljava/lang/String;I)V" line="30"><counter type="INSTRUCTION" missed="12" covered="0"/><counter type="LINE" missed="5" covered="0"/><counter type="COMPLEXITY" missed="1" covered="0"/><counter type="METHOD" missed="1" covered="0"/></method><method name="disconnect" desc="()V" line="40"><counter type="INSTRUCTION" missed="4" covered="0"/><counter type="LINE" missed="2" covered="0"/><counter type="COMPLEXITY" missed="1" covered="0"/><counter type="METHOD" missed="1" covered="0"/></method><method name="setConnected" desc="(Z)V" line="50"><counter type="INSTRUCTION" missed="4" covered="0"/><counter type="LINE" missed="2" covered="0"/><counter type="COMPLEXITY" missed="1" covered="0"/><counter type="METHOD" missed="1" covered="0"/></method><method name="isConnected" desc="()Z" line="59"><counter type="INSTRUCTION" missed="3" covered="0"/><counter type="LINE" missed="1" covered="0"/><counter type="COMPLEXITY" missed="1" covered="0"/><counter type="METHOD" missed="1" covered="0"/></method><method name="getAddress" desc="()Ljava/lang/String;" line="68"><counter type="INSTRUCTION" missed="3" covered="0"/><counter type="LINE" missed="1" covered="0"/><counter type="COMPLEXITY" missed="1" covered="0"/><counter type="METHOD" missed="1" covered="0"/></method><method name="setAddress" desc="(Ljava/lang/String;)V" line="77"><counter type="INSTRUCTION" missed="4" covered="0"/><counter type="LINE" missed="2" covered="0"/><counter type="COMPLEXITY" missed="1" covered="0"/><counter type="METHOD" missed="1" covered="0"/></method><method name="getPort" desc="()I" line="86"><counter type="INSTRUCTION" missed="3" covered="0"/><counter type="LINE" missed="1" covered="0"/><counter type="COMPLEXITY" missed="1" covered="0"/><counter type="METHOD" missed="1" covered="0"/></method><method name="setPort" desc="(I)V" line="96"><counter type="INSTRUCTION" missed="4" covered="0"/><counter type="LINE" missed="2" covered="0"/><counter type="COMPLEXITY" missed="1" covered="0"/><counter type="METHOD" missed="1" covered="0"/></method><counter type="INSTRUCTION" missed="37" covered="0"/><counter type="LINE" missed="16" covered="0"/><counter type="COMPLEXITY" missed="8" covered="0"/><counter type="METHOD" missed="8" covered="0"/><counter type="CLASS" missed="1" covered="0"/></class><sourcefile name="DatabaseConnection.java"><line nr="30" mi="2" ci="0" mb="0" cb="0"/><line nr="31" mi="3" ci="0" mb="0" cb="0"/><line nr="32" mi="3" ci="0" mb="0" cb="0"/><line nr="33" mi="3" ci="0" mb="0" cb="0"/><line nr="34" mi="1" ci="0" mb="0" cb="0"/><line nr="40" mi="3" ci="0" mb="0" cb="0"/><line nr="41" mi="1" ci="0" mb="0" cb="0"/><line nr="50" mi="3" ci="0" mb="0" cb="0"/><line nr="51" mi="1" ci="0" mb="0" cb="0"/><line nr="59" mi="3" ci="0" mb="0" cb="0"/><line nr="68" mi="3" ci="0" mb="0" cb="0"/><line nr="77" mi="3" ci="0" mb="0" cb="0"/><line nr="78" mi="1" ci="0" mb="0" cb="0"/><line nr="86" mi="3" ci="0" mb="0" cb="0"/><line nr="96" mi="3" ci="0" mb="0" cb="0"/><line nr="97" mi="1" ci="0" mb="0" cb="0"/><counter type="INSTRUCTION" missed="37" covered="0"/><counter type="LINE" missed="16" covered="0"/><counter type="COMPLEXITY" missed="8" covered="0"/><counter type="METHOD" missed="8" covered="0"/><counter type="CLASS" missed="1" covered="0"/></sourcefile><counter type="INSTRUCTION" missed="37" covered="0"/><counter type="LINE" missed="16" covered="0"/><counter type="COMPLEXITY" missed="8" covered="0"/><counter type="METHOD" missed="8" covered="0"/><counter type="CLASS" missed="1" covered="0"/></package><package name="it/uniba/example/utils/math"><class name="it/uniba/example/utils/math/MathUtils" sourcefilename="MathUtils.java"><method name="&lt;init&gt;" desc="()V" line="6"><counter type="INSTRUCTION" missed="0" covered="3"/><counter type="LINE" missed="0" covered="1"/><counter type="COMPLEXITY" missed="0" covered="1"/><counter type="METHOD" missed="0" covered="1"/></method><method name="add" desc="(II)I" line="17"><counter type="INSTRUCTION" missed="0" covered="4"/><counter type="LINE" missed="0" covered="1"/><counter type="COMPLEXITY" missed="0" covered="1"/><counter type="METHOD" missed="0" covered="1"/></method><method name="divide" desc="(II)F" line="32"><counter type="INSTRUCTION" missed="0" covered="9"/><counter type="LINE" missed="0" covered="1"/><counter type="COMPLEXITY" missed="0" covered="1"/><counter type="METHOD" missed="0" covered="1"/></method><counter type="INSTRUCTION" missed="0" covered="16"/><counter type="LINE" missed="0" covered="3"/><counter type="COMPLEXITY" missed="0" covered="3"/><counter type="METHOD" missed="0" covered="3"/><counter type="CLASS" missed="0" covered="1"/></class><sourcefile name="MathUtils.java"><line nr="6" mi="0" ci="3" mb="0" cb="0"/><line nr="17" mi="0" ci="4" mb="0" cb="0"/><line nr="32" mi="0" ci="9" mb="0" cb="0"/><counter type="INSTRUCTION" missed="0" covered="16"/><counter type="LINE" missed="0" covered="3"/><counter type="COMPLEXITY" missed="0" covered="3"/><counter type="METHOD" missed="0" covered="3"/><counter type="CLASS" missed="0" covered="1"/></sourcefile><counter type="INSTRUCTION" missed="0" covered="16"/><counter type="LINE" missed="0" covered="3"/><counter type="COMPLEXITY" missed="0" covered="3"/><counter type="METHOD" missed="0" covered="3"/><counter type="CLASS" missed="0" covered="1"/></package><package name="it/uniba/example/utils/strings"><class name="it/uniba/example/utils/strings/StringUtils" sourcefilename="StringUtils.java"><method name="convertToDouble" desc="(Ljava/lang/String;)Ljava/lang/Double;" line="23"><counter type="INSTRUCTION" missed="0" covered="9"/><counter type="BRANCH" missed="0" covered="2"/><counter type="LINE" missed="0" covered="4"/><counter type="COMPLEXITY" missed="0" covered="2"/><counter type="METHOD" missed="0" covered="1"/></method><method name="isNullOrBlank" desc="(Ljava/lang/String;)Z" line="39"><counter type="INSTRUCTION" missed="0" covered="10"/><counter type="BRANCH" missed="0" covered="4"/><counter type="LINE" missed="0" covered="1"/><counter type="COMPLEXITY" missed="0" covered="3"/><counter type="METHOD" missed="0" covered="1"/></method><method name="concat" desc="([Ljava/lang/String;)Ljava/lang/String;" line="51"><counter type="INSTRUCTION" missed="0" covered="39"/><counter type="BRANCH" missed="2" covered="6"/><counter type="LINE" missed="0" covered="8"/><counter type="COMPLEXITY" missed="2" covered="3"/><counter type="METHOD" missed="0" covered="1"/></method><counter type="INSTRUCTION" missed="0" covered="58"/><counter type="BRANCH" missed="2" covered="12"/><counter type="LINE" missed="0" covered="13"/><counter type="COMPLEXITY" missed="2" covered="8"/><counter type="METHOD" missed="0" covered="3"/><counter type="CLASS" missed="0" covered="1"/></class><sourcefile name="StringUtils.java"><line nr="23" mi="0" ci="2" mb="0" cb="0"/><line nr="24" mi="0" ci="2" mb="0" cb="2"/><line nr="25" mi="0" ci="3" mb="0" cb="0"/><line nr="27" mi="0" ci="2" mb="0" cb="0"/><line nr="39" mi="0" ci="10" mb="0" cb="4"/><line nr="51" mi="0" ci="2" mb="0" cb="0"/><line nr="53" mi="0" ci="5" mb="2" cb="2"/><line nr="54" mi="0" ci="4" mb="0" cb="0"/><line nr="55" mi="0" ci="16" mb="0" cb="2"/><line nr="56" mi="0" ci="3" mb="0" cb="2"/><line nr="57" mi="0" ci="4" mb="0" cb="0"/><line nr="60" mi="0" ci="3" mb="0" cb="0"/><line nr="62" mi="0" ci="2" mb="0" cb="0"/><counter type="INSTRUCTION" missed="0" covered="58"/><counter type="BRANCH" missed="2" covered="12"/><counter type="LINE" missed="0" covered="13"/><counter type="COMPLEXITY" missed="2" covered="8"/><counter type="METHOD" missed="0" covered="3"/><counter type="CLASS" missed="0" covered="1"/></sourcefile><counter type="INSTRUCTION" missed="0" covered="58"/><counter type="BRANCH" missed="2" covered="12"/><counter type="LINE" missed="0" covered="13"/><counter type="COMPLEXITY" missed="2" covered="8"/><counter type="METHOD" missed="0" covered="3"/><counter type="CLASS" missed="0" covered="1"/></package><counter type="INSTRUCTION" missed="9242" covered="74"/><counter type="BRANCH" missed="1357" covered="12"/><counter type="LINE" missed="1813" covered="16"/><counter type="COMPLEXITY" missed="769" covered="11"/><counter type="METHOD" missed="84" covered="6"/><counter type="CLASS" missed="15" covered="2"/></report>